This is pdfTeX, Version 3.141592653-2.6-1.40.25 (TeX Live 2023/Debian) (preloaded format=pdflatex 2024.7.24)  21 JUN 2025 16:13
entering extended mode
 restricted \write18 enabled.
 file:line:error style messages enabled.
 %&-line parsing enabled.
**/home/ayoubchoukri/Etudes/5A/S2/Metamodelisation/DeLozzo/Projet/lh2pac/Report_Overleaf/Report_MetaModelisation/main.tex
(/home/ayoubchoukri/Etudes/5A/S2/Metamodelisation/DeLozzo/Projet/lh2pac/Report_Overleaf/Report_MetaModelisation/main.tex
LaTeX2e <2023-11-01> patch level 1
L3 programming layer <2024-01-22>
(/usr/share/texlive/texmf-dist/tex/latex/base/article.cls
Document Class: article 2023/05/17 v1.4n Standard LaTeX document class
(/usr/share/texlive/texmf-dist/tex/latex/base/size11.clo
File: size11.clo 2023/05/17 v1.4n Standard LaTeX file (size option)
)
\c@part=\count187
\c@section=\count188
\c@subsection=\count189
\c@subsubsection=\count190
\c@paragraph=\count191
\c@subparagraph=\count192
\c@figure=\count193
\c@table=\count194
\abovecaptionskip=\skip48
\belowcaptionskip=\skip49
\bibindent=\dimen140
) (/usr/share/texlive/texmf-dist/tex/latex/graphics/graphicx.sty
Package: graphicx 2021/09/16 v1.2d Enhanced LaTeX Graphics (DPC,SPQR)
 (/usr/share/texlive/texmf-dist/tex/latex/graphics/keyval.sty
Package: keyval 2022/05/29 v1.15 key=value parser (DPC)
\KV@toks@=\toks17
) (/usr/share/texlive/texmf-dist/tex/latex/graphics/graphics.sty
Package: graphics 2022/03/10 v1.4e Standard LaTeX Graphics (DPC,SPQR)
 (/usr/share/texlive/texmf-dist/tex/latex/graphics/trig.sty
Package: trig 2021/08/11 v1.11 sin cos tan (DPC)
) (/usr/share/texlive/texmf-dist/tex/latex/graphics-cfg/graphics.cfg
File: graphics.cfg 2016/06/04 v1.11 sample graphics configuration
)
Package graphics Info: Driver file: pdftex.def on input line 107.
 (/usr/share/texlive/texmf-dist/tex/latex/graphics-def/pdftex.def
File: pdftex.def 2022/09/22 v1.2b Graphics/color driver for pdftex
))
\Gin@req@height=\dimen141
\Gin@req@width=\dimen142
) (/usr/share/texlive/texmf-dist/tex/latex/multirow/multirow.sty
Package: multirow 2021/03/15 v2.8 Span multiple rows of a table
\multirow@colwidth=\skip50
\multirow@cntb=\count195
\multirow@dima=\skip51
\bigstrutjot=\dimen143
) (/usr/share/texlive/texmf-dist/tex/latex/base/inputenc.sty
Package: inputenc 2021/02/14 v1.3d Input encoding file
\inpenc@prehook=\toks18
\inpenc@posthook=\toks19
) (/usr/share/texlive/texmf-dist/tex/latex/geometry/geometry.sty
Package: geometry 2020/01/02 v5.9 Page Geometry
 (/usr/share/texlive/texmf-dist/tex/generic/iftex/ifvtex.sty
Package: ifvtex 2019/10/25 v1.7 ifvtex legacy package. Use iftex instead.
 (/usr/share/texlive/texmf-dist/tex/generic/iftex/iftex.sty
Package: iftex 2022/02/03 v1.0f TeX engine tests
))
\Gm@cnth=\count196
\Gm@cntv=\count197
\c@Gm@tempcnt=\count198
\Gm@bindingoffset=\dimen144
\Gm@wd@mp=\dimen145
\Gm@odd@mp=\dimen146
\Gm@even@mp=\dimen147
\Gm@layoutwidth=\dimen148
\Gm@layoutheight=\dimen149
\Gm@layouthoffset=\dimen150
\Gm@layoutvoffset=\dimen151
\Gm@dimlist=\toks20
) (/usr/share/texlive/texmf-dist/tex/latex/base/fontenc.sty
Package: fontenc 2021/04/29 v2.0v Standard LaTeX package
) (/usr/share/texlive/texmf-dist/tex/latex/amsmath/amsmath.sty
Package: amsmath 2023/05/13 v2.17o AMS math features
\@mathmargin=\skip52

For additional information on amsmath, use the `?' option.
(/usr/share/texlive/texmf-dist/tex/latex/amsmath/amstext.sty
Package: amstext 2021/08/26 v2.01 AMS text
 (/usr/share/texlive/texmf-dist/tex/latex/amsmath/amsgen.sty
File: amsgen.sty 1999/11/30 v2.0 generic functions
\@emptytoks=\toks21
\ex@=\dimen152
)) (/usr/share/texlive/texmf-dist/tex/latex/amsmath/amsbsy.sty
Package: amsbsy 1999/11/29 v1.2d Bold Symbols
\pmbraise@=\dimen153
) (/usr/share/texlive/texmf-dist/tex/latex/amsmath/amsopn.sty
Package: amsopn 2022/04/08 v2.04 operator names
)
\inf@bad=\count199
LaTeX Info: Redefining \frac on input line 234.
\uproot@=\count266
\leftroot@=\count267
LaTeX Info: Redefining \overline on input line 399.
LaTeX Info: Redefining \colon on input line 410.
\classnum@=\count268
\DOTSCASE@=\count269
LaTeX Info: Redefining \ldots on input line 496.
LaTeX Info: Redefining \dots on input line 499.
LaTeX Info: Redefining \cdots on input line 620.
\Mathstrutbox@=\box51
\strutbox@=\box52
LaTeX Info: Redefining \big on input line 722.
LaTeX Info: Redefining \Big on input line 723.
LaTeX Info: Redefining \bigg on input line 724.
LaTeX Info: Redefining \Bigg on input line 725.
\big@size=\dimen154
LaTeX Font Info:    Redeclaring font encoding OML on input line 743.
LaTeX Font Info:    Redeclaring font encoding OMS on input line 744.
\macc@depth=\count270
LaTeX Info: Redefining \bmod on input line 905.
LaTeX Info: Redefining \pmod on input line 910.
LaTeX Info: Redefining \smash on input line 940.
LaTeX Info: Redefining \relbar on input line 970.
LaTeX Info: Redefining \Relbar on input line 971.
\c@MaxMatrixCols=\count271
\dotsspace@=\muskip16
\c@parentequation=\count272
\dspbrk@lvl=\count273
\tag@help=\toks22
\row@=\count274
\column@=\count275
\maxfields@=\count276
\andhelp@=\toks23
\eqnshift@=\dimen155
\alignsep@=\dimen156
\tagshift@=\dimen157
\tagwidth@=\dimen158
\totwidth@=\dimen159
\lineht@=\dimen160
\@envbody=\toks24
\multlinegap=\skip53
\multlinetaggap=\skip54
\mathdisplay@stack=\toks25
LaTeX Info: Redefining \[ on input line 2953.
LaTeX Info: Redefining \] on input line 2954.
) (/usr/share/texlive/texmf-dist/tex/latex/amscls/amsthm.sty
Package: amsthm 2020/05/29 v2.20.6
\thm@style=\toks26
\thm@bodyfont=\toks27
\thm@headfont=\toks28
\thm@notefont=\toks29
\thm@headpunct=\toks30
\thm@preskip=\skip55
\thm@postskip=\skip56
\thm@headsep=\skip57
\dth@everypar=\toks31
) (/usr/share/texlive/texmf-dist/tex/latex/amsfonts/amsfonts.sty
Package: amsfonts 2013/01/14 v3.01 Basic AMSFonts support
\symAMSa=\mathgroup4
\symAMSb=\mathgroup5
LaTeX Font Info:    Redeclaring math symbol \hbar on input line 98.
LaTeX Font Info:    Overwriting math alphabet `\mathfrak' in version `bold'
(Font)                  U/euf/m/n --> U/euf/b/n on input line 106.
) (/usr/share/texlive/texmf-dist/tex/latex/amsfonts/amssymb.sty
Package: amssymb 2013/01/14 v3.01 AMS font symbols
) (/usr/share/texlive/texmf-dist/tex/latex/adjustbox/adjustbox.sty
Package: adjustbox 2022/10/17 v1.3a Adjusting TeX boxes (trim, clip, ...)
 (/usr/share/texlive/texmf-dist/tex/latex/xkeyval/xkeyval.sty
Package: xkeyval 2022/06/16 v2.9 package option processing (HA)
 (/usr/share/texlive/texmf-dist/tex/generic/xkeyval/xkeyval.tex (/usr/share/texlive/texmf-dist/tex/generic/xkeyval/xkvutils.tex
\XKV@toks=\toks32
\XKV@tempa@toks=\toks33
)
\XKV@depth=\count277
File: xkeyval.tex 2014/12/03 v2.7a key=value parser (HA)
)) (/usr/share/texlive/texmf-dist/tex/latex/adjustbox/adjcalc.sty
Package: adjcalc 2012/05/16 v1.1 Provides advanced setlength with multiple back-ends (calc, etex, pgfmath)
) (/usr/share/texlive/texmf-dist/tex/latex/adjustbox/trimclip.sty
Package: trimclip 2020/08/19 v1.2 Trim and clip general TeX material
 (/usr/share/texlive/texmf-dist/tex/latex/collectbox/collectbox.sty
Package: collectbox 2022/10/17 v0.4c Collect macro arguments as boxes
\collectedbox=\box53
)
\tc@llx=\dimen161
\tc@lly=\dimen162
\tc@urx=\dimen163
\tc@ury=\dimen164
Package trimclip Info: Using driver 'tc-pdftex.def'.
 (/usr/share/texlive/texmf-dist/tex/latex/adjustbox/tc-pdftex.def
File: tc-pdftex.def 2019/01/04 v2.2 Clipping driver for pdftex
))
\adjbox@Width=\dimen165
\adjbox@Height=\dimen166
\adjbox@Depth=\dimen167
\adjbox@Totalheight=\dimen168
\adjbox@pwidth=\dimen169
\adjbox@pheight=\dimen170
\adjbox@pdepth=\dimen171
\adjbox@ptotalheight=\dimen172
 (/usr/share/texlive/texmf-dist/tex/latex/ifoddpage/ifoddpage.sty
Package: ifoddpage 2022/10/18 v1.2 Conditionals for odd/even page detection
\c@checkoddpage=\count278
) (/usr/share/texlive/texmf-dist/tex/latex/varwidth/varwidth.sty
Package: varwidth 2009/03/30 ver 0.92;  Variable-width minipages
\@vwid@box=\box54
\sift@deathcycles=\count279
\@vwid@loff=\dimen173
\@vwid@roff=\dimen174
)) (/usr/share/texlive/texmf-dist/tex/latex/tools/array.sty
Package: array 2023/10/16 v2.5g Tabular extension package (FMi)
\col@sep=\dimen175
\ar@mcellbox=\box55
\extrarowheight=\dimen176
\NC@list=\toks34
\extratabsurround=\skip58
\backup@length=\skip59
\ar@cellbox=\box56
) (/usr/share/texlive/texmf-dist/tex/latex/algorithms/algorithm.sty
Package: algorithm 2009/08/24 v0.1 Document Style `algorithm' - floating environment
 (/usr/share/texlive/texmf-dist/tex/latex/float/float.sty
Package: float 2001/11/08 v1.3d Float enhancements (AL)
\c@float@type=\count280
\float@exts=\toks35
\float@box=\box57
\@float@everytoks=\toks36
\@floatcapt=\box58
) (/usr/share/texlive/texmf-dist/tex/latex/base/ifthen.sty
Package: ifthen 2022/04/13 v1.1d Standard LaTeX ifthen package (DPC)
)
\@float@every@algorithm=\toks37
\c@algorithm=\count281
) (/usr/share/texlive/texmf-dist/tex/latex/algorithmicx/algpseudocode.sty
Package: algpseudocode 
 (/usr/share/texlive/texmf-dist/tex/latex/algorithmicx/algorithmicx.sty
Package: algorithmicx 2005/04/27 v1.2 Algorithmicx

Document Style algorithmicx 1.2 - a greatly improved `algorithmic' style
\c@ALG@line=\count282
\c@ALG@rem=\count283
\c@ALG@nested=\count284
\ALG@tlm=\skip60
\ALG@thistlm=\skip61
\c@ALG@Lnr=\count285
\c@ALG@blocknr=\count286
\c@ALG@storecount=\count287
\c@ALG@tmpcounter=\count288
\ALG@tmplength=\skip62
)
Document Style - pseudocode environments for use with the `algorithmicx' style
) (/usr/share/texlive/texmf-dist/tex/latex/siunitx/siunitx.sty
Package: siunitx 2024-01-25 v3.3.10 A comprehensive (SI) units package
\l__siunitx_number_uncert_offset_int=\count289
\l__siunitx_number_exponent_fixed_int=\count290
\l__siunitx_number_min_decimal_int=\count291
\l__siunitx_number_min_integer_int=\count292
\l__siunitx_number_round_precision_int=\count293
\l__siunitx_number_lower_threshold_int=\count294
\l__siunitx_number_upper_threshold_int=\count295
\l__siunitx_number_group_first_int=\count296
\l__siunitx_number_group_size_int=\count297
\l__siunitx_number_group_minimum_int=\count298
\l__siunitx_angle_tmp_dim=\dimen177
\l__siunitx_angle_marker_box=\box59
\l__siunitx_angle_unit_box=\box60
\l__siunitx_compound_count_int=\count299
 (/usr/share/texlive/texmf-dist/tex/latex/translations/translations.sty
Package: translations 2022/02/05 v1.12 internationalization of LaTeX2e packages (CN)
 (/usr/share/texlive/texmf-dist/tex/latex/etoolbox/etoolbox.sty
Package: etoolbox 2020/10/05 v2.5k e-TeX tools for LaTeX (JAW)
\etb@tempcnta=\count300
) (/usr/share/texlive/texmf-dist/tex/generic/pdftexcmds/pdftexcmds.sty
Package: pdftexcmds 2020-06-27 v0.33 Utility functions of pdfTeX for LuaTeX (HO)
 (/usr/share/texlive/texmf-dist/tex/generic/infwarerr/infwarerr.sty
Package: infwarerr 2019/12/03 v1.5 Providing info/warning/error messages (HO)
) (/usr/share/texlive/texmf-dist/tex/generic/ltxcmds/ltxcmds.sty
Package: ltxcmds 2023-12-04 v1.26 LaTeX kernel commands for general use (HO)
)
Package pdftexcmds Info: \pdf@primitive is available.
Package pdftexcmds Info: \pdf@ifprimitive is available.
Package pdftexcmds Info: \pdfdraftmode found.
))
\l__siunitx_table_tmp_box=\box61
\l__siunitx_table_tmp_dim=\dimen178
\l__siunitx_table_column_width_dim=\dimen179
\l__siunitx_table_integer_box=\box62
\l__siunitx_table_decimal_box=\box63
\l__siunitx_table_uncert_box=\box64
\l__siunitx_table_before_box=\box65
\l__siunitx_table_after_box=\box66
\l__siunitx_table_before_dim=\dimen180
\l__siunitx_table_carry_dim=\dimen181
\l__siunitx_unit_tmp_int=\count301
\l__siunitx_unit_position_int=\count302
\l__siunitx_unit_total_int=\count303
) (/usr/share/texlive/texmf-dist/tex/latex/caption/subcaption.sty
Package: subcaption 2023/07/28 v1.6b Sub-captions (AR)
 (/usr/share/texlive/texmf-dist/tex/latex/caption/caption.sty
Package: caption 2023/08/05 v3.6o Customizing captions (AR)
 (/usr/share/texlive/texmf-dist/tex/latex/caption/caption3.sty
Package: caption3 2023/07/31 v2.4d caption3 kernel (AR)
\caption@tempdima=\dimen182
\captionmargin=\dimen183
\caption@leftmargin=\dimen184
\caption@rightmargin=\dimen185
\caption@width=\dimen186
\caption@indent=\dimen187
\caption@parindent=\dimen188
\caption@hangindent=\dimen189
Package caption Info: Standard document class detected.
)
\c@caption@flags=\count304
\c@continuedfloat=\count305
Package caption Info: float package is loaded.
)
Package caption Info: New subtype `subfigure' on input line 238.
\c@subfigure=\count306
Package caption Info: New subtype `subtable' on input line 238.
\c@subtable=\count307
) (/usr/share/texlive/texmf-dist/tex/latex/booktabs/booktabs.sty
Package: booktabs 2020/01/12 v1.61803398 Publication quality tables
\heavyrulewidth=\dimen190
\lightrulewidth=\dimen191
\cmidrulewidth=\dimen192
\belowrulesep=\dimen193
\belowbottomsep=\dimen194
\aboverulesep=\dimen195
\abovetopsep=\dimen196
\cmidrulesep=\dimen197
\cmidrulekern=\dimen198
\defaultaddspace=\dimen199
\@cmidla=\count308
\@cmidlb=\count309
\@aboverulesep=\dimen256
\@belowrulesep=\dimen257
\@thisruleclass=\count310
\@lastruleclass=\count311
\@thisrulewidth=\dimen258
) (/usr/share/texlive/texmf-dist/tex/generic/babel/babel.sty
Package: babel 2024/01/07 v24.1 The Babel package
\babel@savecnt=\count312
\U@D=\dimen259
\l@unhyphenated=\language89
 (/usr/share/texlive/texmf-dist/tex/generic/babel/txtbabel.def)
\bbl@readstream=\read2
\bbl@dirlevel=\count313
 (/usr/share/texlive/texmf-dist/tex/generic/babel-french/french.ldf
Language: french 2023-12-19 v3.5r French support from the babel system
Package babel Info: Hyphen rules for 'acadian' set to \l@french
(babel)             (\language69). Reported on input line 91.
Package babel Info: Hyphen rules for 'canadien' set to \l@french
(babel)             (\language69). Reported on input line 92.
\FB@stdchar=\count314
Package babel Info: Making : an active character on input line 420.
Package babel Info: Making ; an active character on input line 421.
Package babel Info: Making ! an active character on input line 422.
Package babel Info: Making ? an active character on input line 423.
\FBguill@level=\count315
\FBold@everypar=\toks38
\FB@Mht=\dimen260
\mc@charclass=\count316
\mc@charfam=\count317
\mc@charslot=\count318
\std@mcc=\count319
\dec@mcc=\count320
\FB@parskip=\dimen261
\listindentFB=\dimen262
\descindentFB=\dimen263
\labelindentFB=\dimen264
\labelwidthFB=\dimen265
\leftmarginFB=\dimen266
\parindentFFN=\dimen267
\FBfnindent=\dimen268
)) (/usr/share/texlive/texmf-dist/tex/generic/babel/locale/fr/babel-french.tex
Package babel Info: Importing font and identification data for french
(babel)             from babel-fr.ini. Reported on input line 11.
) (/usr/share/texlive/texmf-dist/tex/latex/carlisle/scalefnt.sty) (/usr/share/texlive/texmf-dist/tex/latex/hyperref/hyperref.sty
Package: hyperref 2024-01-20 v7.01h Hypertext links for LaTeX
 (/usr/share/texlive/texmf-dist/tex/latex/kvsetkeys/kvsetkeys.sty
Package: kvsetkeys 2022-10-05 v1.19 Key value parser (HO)
) (/usr/share/texlive/texmf-dist/tex/generic/kvdefinekeys/kvdefinekeys.sty
Package: kvdefinekeys 2019-12-19 v1.6 Define keys (HO)
) (/usr/share/texlive/texmf-dist/tex/generic/pdfescape/pdfescape.sty
Package: pdfescape 2019/12/09 v1.15 Implements pdfTeX's escape features (HO)
) (/usr/share/texlive/texmf-dist/tex/latex/hycolor/hycolor.sty
Package: hycolor 2020-01-27 v1.10 Color options for hyperref/bookmark (HO)
) (/usr/share/texlive/texmf-dist/tex/latex/auxhook/auxhook.sty
Package: auxhook 2019-12-17 v1.6 Hooks for auxiliary files (HO)
) (/usr/share/texlive/texmf-dist/tex/latex/hyperref/nameref.sty
Package: nameref 2023-11-26 v2.56 Cross-referencing by name of section
 (/usr/share/texlive/texmf-dist/tex/latex/refcount/refcount.sty
Package: refcount 2019/12/15 v3.6 Data extraction from label references (HO)
) (/usr/share/texlive/texmf-dist/tex/generic/gettitlestring/gettitlestring.sty
Package: gettitlestring 2019/12/15 v1.6 Cleanup title references (HO)
 (/usr/share/texlive/texmf-dist/tex/latex/kvoptions/kvoptions.sty
Package: kvoptions 2022-06-15 v3.15 Key value format for package options (HO)
))
\c@section@level=\count321
)
\@linkdim=\dimen269
\Hy@linkcounter=\count322
\Hy@pagecounter=\count323
 (/usr/share/texlive/texmf-dist/tex/latex/hyperref/pd1enc.def
File: pd1enc.def 2024-01-20 v7.01h Hyperref: PDFDocEncoding definition (HO)
Now handling font encoding PD1 ...
... no UTF-8 mapping file for font encoding PD1
) (/usr/share/texlive/texmf-dist/tex/generic/intcalc/intcalc.sty
Package: intcalc 2019/12/15 v1.3 Expandable calculations with integers (HO)
)
\Hy@SavedSpaceFactor=\count324
 (/usr/share/texlive/texmf-dist/tex/latex/hyperref/puenc.def
File: puenc.def 2024-01-20 v7.01h Hyperref: PDF Unicode definition (HO)
Now handling font encoding PU ...
... no UTF-8 mapping file for font encoding PU
)
Package hyperref Info: Hyper figures OFF on input line 4179.
Package hyperref Info: Link nesting OFF on input line 4184.
Package hyperref Info: Hyper index ON on input line 4187.
Package hyperref Info: Plain pages OFF on input line 4194.
Package hyperref Info: Backreferencing OFF on input line 4199.
Package hyperref Info: Implicit mode ON; LaTeX internals redefined.
Package hyperref Info: Bookmarks ON on input line 4446.
\c@Hy@tempcnt=\count325
 (/usr/share/texlive/texmf-dist/tex/latex/url/url.sty
\Urlmuskip=\muskip17
Package: url 2013/09/16  ver 3.4  Verb mode for urls, etc.
)
LaTeX Info: Redefining \url on input line 4784.
\XeTeXLinkMargin=\dimen270
 (/usr/share/texlive/texmf-dist/tex/generic/bitset/bitset.sty
Package: bitset 2019/12/09 v1.3 Handle bit-vector datatype (HO)
 (/usr/share/texlive/texmf-dist/tex/generic/bigintcalc/bigintcalc.sty
Package: bigintcalc 2019/12/15 v1.5 Expandable calculations on big integers (HO)
))
\Fld@menulength=\count326
\Field@Width=\dimen271
\Fld@charsize=\dimen272
Package hyperref Info: Hyper figures OFF on input line 6063.
Package hyperref Info: Link nesting OFF on input line 6068.
Package hyperref Info: Hyper index ON on input line 6071.
Package hyperref Info: backreferencing OFF on input line 6078.
Package hyperref Info: Link coloring OFF on input line 6083.
Package hyperref Info: Link coloring with OCG OFF on input line 6088.
Package hyperref Info: PDF/A mode OFF on input line 6093.
 (/usr/share/texlive/texmf-dist/tex/latex/base/atbegshi-ltx.sty
Package: atbegshi-ltx 2021/01/10 v1.0c Emulation of the original atbegshi
package with kernel methods
)
\Hy@abspage=\count327
\c@Item=\count328
\c@Hfootnote=\count329
)
Package hyperref Info: Driver (autodetected): hpdftex.
 (/usr/share/texlive/texmf-dist/tex/latex/hyperref/hpdftex.def
File: hpdftex.def 2024-01-20 v7.01h Hyperref driver for pdfTeX
 (/usr/share/texlive/texmf-dist/tex/latex/base/atveryend-ltx.sty
Package: atveryend-ltx 2020/08/19 v1.0a Emulation of the original atveryend package
with kernel methods
)
\Fld@listcount=\count330
\c@bookmark@seq@number=\count331
 (/usr/share/texlive/texmf-dist/tex/latex/rerunfilecheck/rerunfilecheck.sty
Package: rerunfilecheck 2022-07-10 v1.10 Rerun checks for auxiliary files (HO)
 (/usr/share/texlive/texmf-dist/tex/generic/uniquecounter/uniquecounter.sty
Package: uniquecounter 2019/12/15 v1.4 Provide unlimited unique counter (HO)
)
Package uniquecounter Info: New unique counter `rerunfilecheck' on input line 285.
)
\Hy@SectionHShift=\skip63
) (/usr/share/texlive/texmf-dist/tex/latex/natbib/natbib.sty
Package: natbib 2010/09/13 8.31b (PWD, AO)
\bibhang=\skip64
\bibsep=\skip65
LaTeX Info: Redefining \cite on input line 694.
\c@NAT@ctr=\count332
) (/usr/share/texlive/texmf-dist/tex/latex/enumitem/enumitem.sty
Package: enumitem 2019/06/20 v3.9 Customized lists
\labelindent=\skip66
\enit@outerparindent=\dimen273
\enit@toks=\toks39
\enit@inbox=\box67
\enit@count@id=\count333
\enitdp@description=\count334
) (/usr/share/texlive/texmf-dist/tex/latex/bbm-macros/bbm.sty
Package: bbm 1999/03/15 V 1.2 provides fonts for set symbols - TH
LaTeX Font Info:    Overwriting math alphabet `\mathbbm' in version `bold'
(Font)                  U/bbm/m/n --> U/bbm/bx/n on input line 33.
LaTeX Font Info:    Overwriting math alphabet `\mathbbmss' in version `bold'
(Font)                  U/bbmss/m/n --> U/bbmss/bx/n on input line 35.
)

Package siunitx Info: Option "detect-all" has been deprecated in this release.
(siunitx)             
(siunitx)             Use "mode = match, propagate-math-font = true,
(siunitx)             reset-math-version = false, reset-text-family = false,
(siunitx)             reset-text-series = false, reset-text-shape = false,
(siunitx)             text-family-to-math = true, text-series-to-math = true"
(siunitx)             as a replacement.


Package siunitx Info: Option "separate-uncertainty" has been deprecated in
(siunitx)             this release.
(siunitx)             
(siunitx)             Use "uncertainty-mode = separate" as a replacement.

 (/usr/share/texlive/texmf-dist/tex/latex/tocloft/tocloft.sty
Package: tocloft 2017/08/31 v2.3i parameterised ToC, etc., typesetting
Package tocloft Info: The document has section divisions on input line 51.
\cftparskip=\skip67
\cftbeforetoctitleskip=\skip68
\cftaftertoctitleskip=\skip69
\cftbeforepartskip=\skip70
\cftpartnumwidth=\skip71
\cftpartindent=\skip72
\cftbeforesecskip=\skip73
\cftsecindent=\skip74
\cftsecnumwidth=\skip75
\cftbeforesubsecskip=\skip76
\cftsubsecindent=\skip77
\cftsubsecnumwidth=\skip78
\cftbeforesubsubsecskip=\skip79
\cftsubsubsecindent=\skip80
\cftsubsubsecnumwidth=\skip81
\cftbeforeparaskip=\skip82
\cftparaindent=\skip83
\cftparanumwidth=\skip84
\cftbeforesubparaskip=\skip85
\cftsubparaindent=\skip86
\cftsubparanumwidth=\skip87
\cftbeforeloftitleskip=\skip88
\cftafterloftitleskip=\skip89
\cftbeforefigskip=\skip90
\cftfigindent=\skip91
\cftfignumwidth=\skip92
\c@lofdepth=\count335
\c@lotdepth=\count336
\cftbeforelottitleskip=\skip93
\cftafterlottitleskip=\skip94
\cftbeforetabskip=\skip95
\cfttabindent=\skip96
\cfttabnumwidth=\skip97
) (/usr/share/texmf/tex/latex/lm/lmodern.sty
Package: lmodern 2015/05/01 v1.6.1 Latin Modern Fonts
LaTeX Font Info:    Overwriting symbol font `operators' in version `normal'
(Font)                  OT1/cmr/m/n --> OT1/lmr/m/n on input line 22.
LaTeX Font Info:    Overwriting symbol font `letters' in version `normal'
(Font)                  OML/cmm/m/it --> OML/lmm/m/it on input line 23.
LaTeX Font Info:    Overwriting symbol font `symbols' in version `normal'
(Font)                  OMS/cmsy/m/n --> OMS/lmsy/m/n on input line 24.
LaTeX Font Info:    Overwriting symbol font `largesymbols' in version `normal'
(Font)                  OMX/cmex/m/n --> OMX/lmex/m/n on input line 25.
LaTeX Font Info:    Overwriting symbol font `operators' in version `bold'
(Font)                  OT1/cmr/bx/n --> OT1/lmr/bx/n on input line 26.
LaTeX Font Info:    Overwriting symbol font `letters' in version `bold'
(Font)                  OML/cmm/b/it --> OML/lmm/b/it on input line 27.
LaTeX Font Info:    Overwriting symbol font `symbols' in version `bold'
(Font)                  OMS/cmsy/b/n --> OMS/lmsy/b/n on input line 28.
LaTeX Font Info:    Overwriting symbol font `largesymbols' in version `bold'
(Font)                  OMX/cmex/m/n --> OMX/lmex/m/n on input line 29.
LaTeX Font Info:    Overwriting math alphabet `\mathbf' in version `normal'
(Font)                  OT1/cmr/bx/n --> OT1/lmr/bx/n on input line 31.
LaTeX Font Info:    Overwriting math alphabet `\mathsf' in version `normal'
(Font)                  OT1/cmss/m/n --> OT1/lmss/m/n on input line 32.
LaTeX Font Info:    Overwriting math alphabet `\mathit' in version `normal'
(Font)                  OT1/cmr/m/it --> OT1/lmr/m/it on input line 33.
LaTeX Font Info:    Overwriting math alphabet `\mathtt' in version `normal'
(Font)                  OT1/cmtt/m/n --> OT1/lmtt/m/n on input line 34.
LaTeX Font Info:    Overwriting math alphabet `\mathbf' in version `bold'
(Font)                  OT1/cmr/bx/n --> OT1/lmr/bx/n on input line 35.
LaTeX Font Info:    Overwriting math alphabet `\mathsf' in version `bold'
(Font)                  OT1/cmss/bx/n --> OT1/lmss/bx/n on input line 36.
LaTeX Font Info:    Overwriting math alphabet `\mathit' in version `bold'
(Font)                  OT1/cmr/bx/it --> OT1/lmr/bx/it on input line 37.
LaTeX Font Info:    Overwriting math alphabet `\mathtt' in version `bold'
(Font)                  OT1/cmtt/m/n --> OT1/lmtt/m/n on input line 38.
)
\c@subsubsubsection=\count337
 (/usr/share/texlive/texmf-dist/tex/latex/graphics/color.sty
Package: color 2022/01/06 v1.3d Standard LaTeX Color (DPC)
 (/usr/share/texlive/texmf-dist/tex/latex/graphics-cfg/color.cfg
File: color.cfg 2016/01/02 v1.6 sample color configuration
)
Package color Info: Driver file: pdftex.def on input line 149.
 (/usr/share/texlive/texmf-dist/tex/latex/graphics/mathcolor.ltx))
LaTeX Font Info:    Trying to load font information for T1+lmr on input line 69.
 (/usr/share/texmf/tex/latex/lm/t1lmr.fd
File: t1lmr.fd 2015/05/01 v1.6.1 Font defs for Latin Modern
) (/usr/share/texlive/texmf-dist/tex/latex/l3backend/l3backend-pdftex.def
File: l3backend-pdftex.def 2024-01-04 L3 backend support: PDF output (pdfTeX)
\l__color_backend_stack_int=\count338
\l__pdf_internal_box=\box68
) (./main.aux

LaTeX Warning: Label `fig:p1u1avions' multiply defined.


LaTeX Warning: Label `fig:mtom' multiply defined.


LaTeX Warning: Label `sub@fig:mtom' multiply defined.


LaTeX Warning: Label `fig:span' multiply defined.


LaTeX Warning: Label `sub@fig:span' multiply defined.


LaTeX Warning: Label `fig:tofl' multiply defined.


LaTeX Warning: Label `sub@fig:tofl' multiply defined.


LaTeX Warning: Label `fig:vapp' multiply defined.


LaTeX Warning: Label `sub@fig:vapp' multiply defined.


LaTeX Warning: Label `fig:vz' multiply defined.


LaTeX Warning: Label `sub@fig:vz' multiply defined.


LaTeX Warning: Label `fig:fm' multiply defined.


LaTeX Warning: Label `sub@fig:fm' multiply defined.


LaTeX Warning: Label `fig:sobol_indices' multiply defined.


LaTeX Warning: Label `fig:enter-label' multiply defined.


LaTeX Warning: Label `fig:mtom' multiply defined.


LaTeX Warning: Label `sub@fig:mtom' multiply defined.


LaTeX Warning: Label `fig:span' multiply defined.


LaTeX Warning: Label `sub@fig:span' multiply defined.


LaTeX Warning: Label `fig:tofl' multiply defined.


LaTeX Warning: Label `sub@fig:tofl' multiply defined.


LaTeX Warning: Label `fig:vapp' multiply defined.


LaTeX Warning: Label `sub@fig:vapp' multiply defined.


LaTeX Warning: Label `fig:vz' multiply defined.


LaTeX Warning: Label `sub@fig:vz' multiply defined.


LaTeX Warning: Label `fig:fm' multiply defined.


LaTeX Warning: Label `sub@fig:fm' multiply defined.


LaTeX Warning: Label `fig:sobol_indices' multiply defined.


LaTeX Warning: Label `fig:p3u2_taylor' multiply defined.


LaTeX Warning: Label `fig:enter-label' multiply defined.


LaTeX Warning: Label `fig:enter-label' multiply defined.

)
\openout1 = `main.aux'.

LaTeX Font Info:    Checking defaults for OML/cmm/m/it on input line 69.
LaTeX Font Info:    ... okay on input line 69.
LaTeX Font Info:    Checking defaults for OMS/cmsy/m/n on input line 69.
LaTeX Font Info:    ... okay on input line 69.
LaTeX Font Info:    Checking defaults for OT1/cmr/m/n on input line 69.
LaTeX Font Info:    ... okay on input line 69.
LaTeX Font Info:    Checking defaults for T1/cmr/m/n on input line 69.
LaTeX Font Info:    ... okay on input line 69.
LaTeX Font Info:    Checking defaults for TS1/cmr/m/n on input line 69.
LaTeX Font Info:    ... okay on input line 69.
LaTeX Font Info:    Checking defaults for OMX/cmex/m/n on input line 69.
LaTeX Font Info:    ... okay on input line 69.
LaTeX Font Info:    Checking defaults for U/cmr/m/n on input line 69.
LaTeX Font Info:    ... okay on input line 69.
LaTeX Font Info:    Checking defaults for PD1/pdf/m/n on input line 69.
LaTeX Font Info:    ... okay on input line 69.
LaTeX Font Info:    Checking defaults for PU/pdf/m/n on input line 69.
LaTeX Font Info:    ... okay on input line 69.
 (/usr/share/texlive/texmf-dist/tex/context/base/mkii/supp-pdf.mkii
[Loading MPS to PDF converter (version 2006.09.02).]
\scratchcounter=\count339
\scratchdimen=\dimen274
\scratchbox=\box69
\nofMPsegments=\count340
\nofMParguments=\count341
\everyMPshowfont=\toks40
\MPscratchCnt=\count342
\MPscratchDim=\dimen275
\MPnumerator=\count343
\makeMPintoPDFobject=\count344
\everyMPtoPDFconversion=\toks41
) (/usr/share/texlive/texmf-dist/tex/latex/epstopdf-pkg/epstopdf-base.sty
Package: epstopdf-base 2020-01-24 v2.11 Base part for package epstopdf
Package epstopdf-base Info: Redefining graphics rule for `.eps' on input line 485.
 (/usr/share/texlive/texmf-dist/tex/latex/latexconfig/epstopdf-sys.cfg
File: epstopdf-sys.cfg 2010/07/13 v1.3 Configuration of (r)epstopdf for TeX Live
))
*geometry* driver: auto-detecting
*geometry* detected driver: pdftex
*geometry* verbose mode - [ preamble ] result:
* driver: pdftex
* paper: a4paper
* layout: <same size as paper>
* layoutoffset:(h,v)=(0.0pt,0.0pt)
* modes: 
* h-part:(L,W,R)=(42.67912pt, 512.14963pt, 42.67912pt)
* v-part:(T,H,B)=(42.67912pt, 759.6886pt, 42.67912pt)
* \paperwidth=597.50787pt
* \paperheight=845.04684pt
* \textwidth=512.14963pt
* \textheight=759.6886pt
* \oddsidemargin=-29.59087pt
* \evensidemargin=-29.59087pt
* \topmargin=-66.59087pt
* \headheight=12.0pt
* \headsep=25.0pt
* \topskip=11.0pt
* \footskip=30.0pt
* \marginparwidth=50.0pt
* \marginparsep=10.0pt
* \columnsep=10.0pt
* \skip\footins=10.0pt plus 4.0pt minus 2.0pt
* \hoffset=0.0pt
* \voffset=0.0pt
* \mag=1000
* \@twocolumnfalse
* \@twosidefalse
* \@mparswitchfalse
* \@reversemarginfalse
* (1in=72.27pt=25.4mm, 1cm=28.453pt)

(/usr/share/texlive/texmf-dist/tex/latex/translations/translations-basic-dictionary-french.trsl
File: translations-basic-dictionary-french.trsl (french translation file `translations-basic-dictionary')
)
Package translations Info: loading dictionary `translations-basic-dictionary' for `french'. on input line 69.
Package caption Info: Begin \AtBeginDocument code.
Package caption Info: french babel package is loaded.
Package caption Info: hyperref package is loaded.
Package caption Info: End \AtBeginDocument code.
LaTeX Info: Redefining \degres on input line 69.


Package french.ldf Warning: Please load the "natbib" package
(french.ldf)                BEFORE babel/french; reported on input line 69.

Package french.ldf Info: Setting StandardItemizeEnv=true for
(french.ldf)             compatibility with enumitem package,
(french.ldf)             reported on input line 69.
Package french.ldf Info: Setting StandardEnumerateEnv=true for
(french.ldf)             compatibility with enumitem package,
(french.ldf)             reported on input line 69.
LaTeX Info: Redefining \up on input line 69.
Package hyperref Info: Link coloring OFF on input line 69.
(./main.out) (./main.out)
\@outlinefile=\write3
\openout3 = `main.out'.

<Logo-toulouse-inp-N7.png, id=209, 567.11874pt x 205.76875pt>
File: Logo-toulouse-inp-N7.png Graphic file (type png)
<use Logo-toulouse-inp-N7.png>
Package pdftex.def Info: Logo-toulouse-inp-N7.png  used on input line 73.
(pdftex.def)             Requested size: 153.64644pt x 55.74667pt.
 [1

{/var/lib/texmf/fonts/map/pdftex/updmap/pdftex.map}{/usr/share/texmf/fonts/enc/dvips/lm/lm-ec.enc} <./Logo-toulouse-inp-N7.png>] (./main.toc
LaTeX Font Info:    Trying to load font information for OT1+lmr on input line 2.
 (/usr/share/texmf/tex/latex/lm/ot1lmr.fd
File: ot1lmr.fd 2015/05/01 v1.6.1 Font defs for Latin Modern
)
LaTeX Font Info:    Trying to load font information for OML+lmm on input line 2.
 (/usr/share/texmf/tex/latex/lm/omllmm.fd
File: omllmm.fd 2015/05/01 v1.6.1 Font defs for Latin Modern
)
LaTeX Font Info:    Trying to load font information for OMS+lmsy on input line 2.
 (/usr/share/texmf/tex/latex/lm/omslmsy.fd
File: omslmsy.fd 2015/05/01 v1.6.1 Font defs for Latin Modern
)
LaTeX Font Info:    Trying to load font information for OMX+lmex on input line 2.
 (/usr/share/texmf/tex/latex/lm/omxlmex.fd
File: omxlmex.fd 2015/05/01 v1.6.1 Font defs for Latin Modern
)
LaTeX Font Info:    External font `lmex10' loaded for size
(Font)              <10.95> on input line 2.
LaTeX Font Info:    External font `lmex10' loaded for size
(Font)              <8> on input line 2.
LaTeX Font Info:    External font `lmex10' loaded for size
(Font)              <6> on input line 2.
LaTeX Font Info:    Trying to load font information for U+msa on input line 2.
 (/usr/share/texlive/texmf-dist/tex/latex/amsfonts/umsa.fd
File: umsa.fd 2013/01/14 v3.01 AMS symbols A
)
LaTeX Font Info:    Trying to load font information for U+msb on input line 2.
 (/usr/share/texlive/texmf-dist/tex/latex/amsfonts/umsb.fd
File: umsb.fd 2013/01/14 v3.01 AMS symbols B
))
\tf@toc=\write4
\openout4 = `main.toc'.


pdfTeX warning (ext4): destination with the same identifier (name{page.1}) has been already used, duplicate ignored
<to be read again> 
                   \relax 
l.88 \newpage
              [1{/usr/share/texmf/fonts/enc/dvips/lm/lm-mathit.enc}{/usr/share/texmf/fonts/enc/dvips/lm/lm-rm.enc}] [2]
Underfull \hbox (badness 10000) in paragraph at lines 91--92

 []


Underfull \hbox (badness 10000) in paragraph at lines 93--94

 []

[3{/usr/share/texmf/fonts/enc/dvips/lm/lm-mathsy.enc}]
Underfull \hbox (badness 10000) in paragraph at lines 186--187

 []

LaTeX Font Info:    Trying to load font information for T1+lmtt on input line 188.
(/usr/share/texmf/tex/latex/lm/t1lmtt.fd
File: t1lmtt.fd 2015/05/01 v1.6.1 Font defs for Latin Modern
)
Underfull \hbox (badness 10000) in paragraph at lines 188--189

 []


Package hyperref Warning: bookmark level for unknown subsubsubsection defaults to 0.

[4]
Underfull \hbox (badness 10000) in paragraph at lines 196--198

 []

LaTeX Font Info:    Trying to load font information for U+bbm on input line 211.
(/usr/share/texlive/texmf-dist/tex/latex/bbm-macros/ubbm.fd
File: ubbm.fd 1999/03/15 V 1.2 Font definition for bbm font - TH
)
Underfull \hbox (badness 10000) in paragraph at lines 215--216

 []


Package hyperref Warning: Difference (3) between bookmark levels is greater 
(hyperref)                than one, level fixed on input line 218.


Package hyperref Warning: Difference (2) between bookmark levels is greater 
(hyperref)                than one, level fixed on input line 222.


Package hyperref Warning: Token not allowed in a PDF string (Unicode):
(hyperref)                removing `math shift' on input line 222.


Package hyperref Warning: Token not allowed in a PDF string (Unicode):
(hyperref)                removing `superscript' on input line 222.


Package hyperref Warning: Token not allowed in a PDF string (Unicode):
(hyperref)                removing `math shift' on input line 222.


Underfull \hbox (badness 10000) in paragraph at lines 239--240

 []

[5{/usr/share/texmf/fonts/enc/dvips/lm/lm-mathex.enc}]
<Images_case_1/p1u1_evol_optim_variables2.png, id=309, 1104.125pt x 602.25pt>
File: Images_case_1/p1u1_evol_optim_variables2.png Graphic file (type png)
<use Images_case_1/p1u1_evol_optim_variables2.png>
Package pdftex.def Info: Images_case_1/p1u1_evol_optim_variables2.png  used on input line 246.
(pdftex.def)             Requested size: 250.95612pt x 136.87883pt.
<Images_case_1/p1u1_evol_obj_val2.png, id=310, 1104.125pt x 602.25pt>
File: Images_case_1/p1u1_evol_obj_val2.png Graphic file (type png)
<use Images_case_1/p1u1_evol_obj_val2.png>
Package pdftex.def Info: Images_case_1/p1u1_evol_obj_val2.png  used on input line 247.
(pdftex.def)             Requested size: 250.95612pt x 136.87883pt.
<Images_case_1/p1u1_evol_ineq_const2.png, id=311, 1104.125pt x 602.25pt>
File: Images_case_1/p1u1_evol_ineq_const2.png Graphic file (type png)
<use Images_case_1/p1u1_evol_ineq_const2.png>
Package pdftex.def Info: Images_case_1/p1u1_evol_ineq_const2.png  used on input line 248.
(pdftex.def)             Requested size: 250.95612pt x 136.87883pt.
<Images_case_1/p1u1_evol_dist_to_opt2.png, id=312, 1104.125pt x 602.25pt>
File: Images_case_1/p1u1_evol_dist_to_opt2.png Graphic file (type png)
<use Images_case_1/p1u1_evol_dist_to_opt2.png>
Package pdftex.def Info: Images_case_1/p1u1_evol_dist_to_opt2.png  used on input line 249.
(pdftex.def)             Requested size: 250.95612pt x 136.87883pt.

Overfull \hbox (13.46547pt too wide) in paragraph at lines 262--263
[]\T1/lmr/bx/n/10.95 Evolution des contraintes d'in-équa-li-tés : \T1/lmr/m/n/10.95 Ce gra-phique en heat-map montre l'évo-lu-tion des contraintes
 []

[6 <./Images_case_1/p1u1_evol_optim_variables2.png (PNG copy)> <./Images_case_1/p1u1_evol_obj_val2.png (PNG copy)> <./Images_case_1/p1u1_evol_ineq_const2.png (PNG copy)> <./Images_case_1/p1u1_evol_dist_to_opt2.png (PNG copy)>]
<Images_case_1/p1u1_plots_of_the_aircrafts.png, id=319, 642.4pt x 481.8pt>
File: Images_case_1/p1u1_plots_of_the_aircrafts.png Graphic file (type png)
<use Images_case_1/p1u1_plots_of_the_aircrafts.png>
Package pdftex.def Info: Images_case_1/p1u1_plots_of_the_aircrafts.png  used on input line 281.
(pdftex.def)             Requested size: 409.72125pt x 307.29965pt.

Underfull \hbox (badness 10000) in paragraph at lines 290--291

 []


Underfull \hbox (badness 10000) in paragraph at lines 292--293

 []


Underfull \hbox (badness 10000) in paragraph at lines 294--295

 []

<Images_case_2/p1u2_evol_optim_variables2.png, id=321, 1104.125pt x 602.25pt>
File: Images_case_2/p1u2_evol_optim_variables2.png Graphic file (type png)
<use Images_case_2/p1u2_evol_optim_variables2.png>
Package pdftex.def Info: Images_case_2/p1u2_evol_optim_variables2.png  used on input line 300.
(pdftex.def)             Requested size: 250.95612pt x 136.87883pt.
<Images_case_2/p1u2_evol_obj_val2.png, id=322, 1104.125pt x 602.25pt>
File: Images_case_2/p1u2_evol_obj_val2.png Graphic file (type png)
<use Images_case_2/p1u2_evol_obj_val2.png>
Package pdftex.def Info: Images_case_2/p1u2_evol_obj_val2.png  used on input line 301.
(pdftex.def)             Requested size: 250.95612pt x 136.87883pt.
<Images_case_2/p1u2_evol_ineq_const2.png, id=323, 1104.125pt x 602.25pt>
File: Images_case_2/p1u2_evol_ineq_const2.png Graphic file (type png)
<use Images_case_2/p1u2_evol_ineq_const2.png>
Package pdftex.def Info: Images_case_2/p1u2_evol_ineq_const2.png  used on input line 302.
(pdftex.def)             Requested size: 250.95612pt x 136.87883pt.
<Images_case_2/p1u2_evol_dist_to_opt2.png, id=324, 1104.125pt x 602.25pt>
File: Images_case_2/p1u2_evol_dist_to_opt2.png Graphic file (type png)
<use Images_case_2/p1u2_evol_dist_to_opt2.png>
Package pdftex.def Info: Images_case_2/p1u2_evol_dist_to_opt2.png  used on input line 303.
(pdftex.def)             Requested size: 250.95612pt x 136.87883pt.
[7 <./Images_case_1/p1u1_plots_of_the_aircrafts.png (PNG copy)>]
Overfull \hbox (13.46547pt too wide) in paragraph at lines 317--318
[]\T1/lmr/bx/n/10.95 Evolution des contraintes d'in-équa-li-tés : \T1/lmr/m/n/10.95 Ce gra-phique en heat-map montre l'évo-lu-tion des contraintes
 []

<Images_case_2/p1u2_plots_of_the_aircrafts.png, id=332, 642.4pt x 481.8pt>
File: Images_case_2/p1u2_plots_of_the_aircrafts.png Graphic file (type png)
<use Images_case_2/p1u2_plots_of_the_aircrafts.png>
Package pdftex.def Info: Images_case_2/p1u2_plots_of_the_aircrafts.png  used on input line 335.
(pdftex.def)             Requested size: 409.72125pt x 307.29965pt.
[8 <./Images_case_2/p1u2_evol_optim_variables2.png (PNG copy)> <./Images_case_2/p1u2_evol_obj_val2.png (PNG copy)> <./Images_case_2/p1u2_evol_ineq_const2.png (PNG copy)> <./Images_case_2/p1u2_evol_dist_to_opt2.png (PNG copy)>] [9 <./Images_case_2/p1u2_plots_of_the_aircrafts.png (PNG copy)>]
Overfull \hbox (2.27063pt too wide) in paragraph at lines 369--370
[]\T1/lmr/m/n/10.95 Cette ap-proche, ap-puyée par les fonc-tion-na-li-tés de GEM-SEO telles que \T1/lmtt/m/n/10.95 AutoPyDiscipline\T1/lmr/m/n/10.95 , \T1/lmtt/m/n/10.95 DesignSpace\T1/lmr/m/n/10.95 ,
 []


Overfull \hbox (26.54057pt too wide) in paragraph at lines 385--386
[]\T1/lmr/bx/n/10.95 Entraînement du mo-dèle : \T1/lmr/m/n/10.95 Le mo-dèle de sub-sti-tut est construit à l'aide de la classe \T1/lmtt/m/n/10.95 SurrogateDiscipline
 []


Package hyperref Warning: Token not allowed in a PDF string (Unicode):
(hyperref)                removing `math shift' on input line 390.


Package hyperref Warning: Token not allowed in a PDF string (Unicode):
(hyperref)                removing `superscript' on input line 390.

<Images_Ayoub/Problem2/UseCase1/Surrogate/R2/R2.png, id=347, 1193.45876pt x 592.2125pt>
File: Images_Ayoub/Problem2/UseCase1/Surrogate/R2/R2.png Graphic file (type png)
<use Images_Ayoub/Problem2/UseCase1/Surrogate/R2/R2.png>
Package pdftex.def Info: Images_Ayoub/Problem2/UseCase1/Surrogate/R2/R2.png  used on input line 396.
(pdftex.def)             Requested size: 409.72125pt x 203.31049pt.
[10]
Underfull \hbox (badness 10000) in paragraph at lines 407--408

 []


Underfull \hbox (badness 10000) in paragraph at lines 422--423

 []

<Images_Ayoub/Problem2/UseCase1/Estimating_Quantities/Input_Output_Distributions/Input_Output_Distributions.png, id=358, 1995.455pt x 1194.4625pt>
File: Images_Ayoub/Problem2/UseCase1/Estimating_Quantities/Input_Output_Distributions/Input_Output_Distributions.png Graphic file (type png)
<use Images_Ayoub/Problem2/UseCase1/Estimating_Quantities/Input_Output_Distributions/Input_Output_Distributions.png>
Package pdftex.def Info: Images_Ayoub/Problem2/UseCase1/Estimating_Quantities/Input_Output_Distributions/Input_Output_Distributions.png  used on input line 434.
(pdftex.def)             Requested size: 486.54057pt x 291.23335pt.

LaTeX Warning: `h' float specifier changed to `ht'.


Package hyperref Warning: Difference (4) between bookmark levels is greater 
(hyperref)                than one, level fixed on input line 442.

[11 <./Images_Ayoub/Problem2/UseCase1/Surrogate/R2/R2.png>]
LaTeX Font Info:    Trying to load font information for TS1+lmr on input line 476.
 (/usr/share/texmf/tex/latex/lm/ts1lmr.fd
File: ts1lmr.fd 2015/05/01 v1.6.1 Font defs for Latin Modern
)

Package siunitx Warning: Unit macro \knot has been deprecated in this release.
(siunitx)                
(siunitx)                The BIPM have removed this unit from the SI Brochure.
(siunitx)                You should define it yourself using \DeclareSIUnit in
(siunitx)                your source. The current definition is
(siunitx)                
(siunitx)                \DeclareSIUnit\knot{kn}


LaTeX Warning: `h' float specifier changed to `ht'.

<Images_Ayoub/Problem2/UseCase1/Estimating_Quantities/Coefficient_De_Variation/Coefficient_Variation.png, id=364, 992.70876pt x 592.2125pt>
File: Images_Ayoub/Problem2/UseCase1/Estimating_Quantities/Coefficient_De_Variation/Coefficient_Variation.png Graphic file (type png)
<use Images_Ayoub/Problem2/UseCase1/Estimating_Quantities/Coefficient_De_Variation/Coefficient_Variation.png>
Package pdftex.def Info: Images_Ayoub/Problem2/UseCase1/Estimating_Quantities/Coefficient_De_Variation/Coefficient_Variation.png  used on input line 492.
(pdftex.def)             Requested size: 409.72125pt x 244.42621pt.
[12 <./Images_Ayoub/Problem2/UseCase1/Estimating_Quantities/Input_Output_Distributions/Input_Output_Distributions.png>]
<Images_Ayoub/Problem2/UseCase1/Estimating_Quantities/Coefficient_De_Variation/Ratio_Coefficient_Variation.png, id=372, 897.3525pt x 592.2125pt>
File: Images_Ayoub/Problem2/UseCase1/Estimating_Quantities/Coefficient_De_Variation/Ratio_Coefficient_Variation.png Graphic file (type png)
<use Images_Ayoub/Problem2/UseCase1/Estimating_Quantities/Coefficient_De_Variation/Ratio_Coefficient_Variation.png>
Package pdftex.def Info: Images_Ayoub/Problem2/UseCase1/Estimating_Quantities/Coefficient_De_Variation/Ratio_Coefficient_Variation.png  used on input line 500.
(pdftex.def)             Requested size: 409.72125pt x 270.3969pt.
 [13{/usr/share/texmf/fonts/enc/dvips/lm/lm-ts1.enc} <./Images_Ayoub/Problem2/UseCase1/Estimating_Quantities/Coefficient_De_Variation/Coefficient_Variation.png>]

Package hyperref Warning: Difference (3) between bookmark levels is greater 
(hyperref)                than one, level fixed on input line 507.


Underfull \hbox (badness 10000) in paragraph at lines 517--518

 []


Underfull \hbox (badness 10000) in paragraph at lines 535--536

 []

<Images_Ayoub/Problem2/UseCase1/Sobol_Indices/mtom.png, id=381, 549.05125pt x 457.71pt>
File: Images_Ayoub/Problem2/UseCase1/Sobol_Indices/mtom.png Graphic file (type png)
<use Images_Ayoub/Problem2/UseCase1/Sobol_Indices/mtom.png>
Package pdftex.def Info: Images_Ayoub/Problem2/UseCase1/Sobol_Indices/mtom.png  used on input line 542.
(pdftex.def)             Requested size: 230.46576pt x 192.12514pt.
<Images_Ayoub/Problem2/UseCase1/Sobol_Indices/span.png, id=382, 556.0775pt x 457.71pt>
File: Images_Ayoub/Problem2/UseCase1/Sobol_Indices/span.png Graphic file (type png)
<use Images_Ayoub/Problem2/UseCase1/Sobol_Indices/span.png>
Package pdftex.def Info: Images_Ayoub/Problem2/UseCase1/Sobol_Indices/span.png  used on input line 548.
(pdftex.def)             Requested size: 230.46576pt x 189.70166pt.
<Images_Ayoub/Problem2/UseCase1/Sobol_Indices/tofl.png, id=383, 549.05125pt x 457.71pt>
File: Images_Ayoub/Problem2/UseCase1/Sobol_Indices/tofl.png Graphic file (type png)
<use Images_Ayoub/Problem2/UseCase1/Sobol_Indices/tofl.png>
Package pdftex.def Info: Images_Ayoub/Problem2/UseCase1/Sobol_Indices/tofl.png  used on input line 556.
(pdftex.def)             Requested size: 230.46576pt x 192.12514pt.
<Images_Ayoub/Problem2/UseCase1/Sobol_Indices/vapp.png, id=384, 549.05125pt x 457.71pt>
File: Images_Ayoub/Problem2/UseCase1/Sobol_Indices/vapp.png Graphic file (type png)
<use Images_Ayoub/Problem2/UseCase1/Sobol_Indices/vapp.png>
Package pdftex.def Info: Images_Ayoub/Problem2/UseCase1/Sobol_Indices/vapp.png  used on input line 562.
(pdftex.def)             Requested size: 230.46576pt x 192.12514pt.
<Images_Ayoub/Problem2/UseCase1/Sobol_Indices/vz.png, id=385, 549.05125pt x 457.71pt>
File: Images_Ayoub/Problem2/UseCase1/Sobol_Indices/vz.png Graphic file (type png)
<use Images_Ayoub/Problem2/UseCase1/Sobol_Indices/vz.png>
Package pdftex.def Info: Images_Ayoub/Problem2/UseCase1/Sobol_Indices/vz.png  used on input line 570.
(pdftex.def)             Requested size: 230.46576pt x 192.12514pt.
<Images_Ayoub/Problem2/UseCase1/Sobol_Indices/fm.png, id=386, 549.05125pt x 457.71pt>
File: Images_Ayoub/Problem2/UseCase1/Sobol_Indices/fm.png Graphic file (type png)
<use Images_Ayoub/Problem2/UseCase1/Sobol_Indices/fm.png>
Package pdftex.def Info: Images_Ayoub/Problem2/UseCase1/Sobol_Indices/fm.png  used on input line 576.
(pdftex.def)             Requested size: 230.46576pt x 192.12514pt.
[14 <./Images_Ayoub/Problem2/UseCase1/Estimating_Quantities/Coefficient_De_Variation/Ratio_Coefficient_Variation.png>] [15 <./Images_Ayoub/Problem2/UseCase1/Sobol_Indices/mtom.png> <./Images_Ayoub/Problem2/UseCase1/Sobol_Indices/span.png> <./Images_Ayoub/Problem2/UseCase1/Sobol_Indices/tofl.png> <./Images_Ayoub/Problem2/UseCase1/Sobol_Indices/vapp.png> <./Images_Ayoub/Problem2/UseCase1/Sobol_Indices/vz.png> <./Images_Ayoub/Problem2/UseCase1/Sobol_Indices/fm.png>]

Package hyperref Warning: Difference (2) between bookmark levels is greater 
(hyperref)                than one, level fixed on input line 598.


Underfull \hbox (badness 10000) in paragraph at lines 601--602

 []


Package hyperref Warning: Difference (2) between bookmark levels is greater 
(hyperref)                than one, level fixed on input line 623.

<Images_Ayoub/Problem2/UseCase2/Surrogate/R2/R2.png, id=397, 1193.45876pt x 592.2125pt>
File: Images_Ayoub/Problem2/UseCase2/Surrogate/R2/R2.png Graphic file (type png)
<use Images_Ayoub/Problem2/UseCase2/Surrogate/R2/R2.png>
Package pdftex.def Info: Images_Ayoub/Problem2/UseCase2/Surrogate/R2/R2.png  used on input line 635.
(pdftex.def)             Requested size: 409.72125pt x 203.31049pt.
[16 <./Images_Ayoub/Problem2/UseCase2/Surrogate/R2/R2.png>]
<Images_Ayoub/Problem2/UseCase2/Estimating_Quantities/Input_Output_Distributions/Input_Output_Distributions.png, id=403, 1995.455pt x 1193.45876pt>
File: Images_Ayoub/Problem2/UseCase2/Estimating_Quantities/Input_Output_Distributions/Input_Output_Distributions.png Graphic file (type png)
<use Images_Ayoub/Problem2/UseCase2/Estimating_Quantities/Input_Output_Distributions/Input_Output_Distributions.png>
Package pdftex.def Info: Images_Ayoub/Problem2/UseCase2/Estimating_Quantities/Input_Output_Distributions/Input_Output_Distributions.png  used on input line 653.
(pdftex.def)             Requested size: 486.54057pt x 290.98862pt.
 [17 <./Images_Ayoub/Problem2/UseCase2/Estimating_Quantities/Input_Output_Distributions/Input_Output_Distributions.png>]
Overfull \hbox (10.94998pt too wide) detected at line 696
[] []
 []


Overfull \hbox (10.94998pt too wide) detected at line 697
[] []
 []


Overfull \hbox (10.94998pt too wide) detected at line 697
[] []
 []


Overfull \hbox (10.94998pt too wide) detected at line 698
[] []
 []


Overfull \hbox (5.47499pt too wide) detected at line 698
[] []
 []


Overfull \hbox (10.94998pt too wide) detected at line 699
[] []
 []


Overfull \hbox (10.94998pt too wide) detected at line 699
[] []
 []


Overfull \hbox (10.94998pt too wide) detected at line 700
[] []
 []


Overfull \hbox (5.47499pt too wide) detected at line 700
[] []
 []


Overfull \hbox (10.94998pt too wide) detected at line 701
[] []
 []


Overfull \hbox (8.51689pt too wide) detected at line 701
[]
 []


Overfull \hbox (10.94998pt too wide) detected at line 701
[] []
 []


Overfull \hbox (8.51689pt too wide) detected at line 702
[]
 []


Overfull \hbox (10.94998pt too wide) detected at line 702
[] []
 []


Overfull \hbox (10.94998pt too wide) detected at line 702
[] []
 []


Overfull \hbox (10.94998pt too wide) detected at line 703
[] []
 []


Overfull \hbox (10.94998pt too wide) detected at line 703
[] []
 []


Overfull \hbox (10.94998pt too wide) detected at line 704
[] []
 []


Overfull \hbox (10.94998pt too wide) detected at line 704
[] []
 []


Overfull \hbox (10.94998pt too wide) detected at line 705
[] []
 []


Overfull \hbox (10.94998pt too wide) detected at line 705
[] []
 []


Overfull \hbox (10.94998pt too wide) detected at line 706
[] []
 []


Overfull \hbox (10.94998pt too wide) detected at line 706
[] []
 []


Overfull \hbox (10.94998pt too wide) detected at line 707
[] []
 []


Overfull \hbox (10.94998pt too wide) detected at line 707
[] []
 []


Overfull \hbox (10.94998pt too wide) detected at line 708
[] []
 []


Overfull \hbox (10.94998pt too wide) detected at line 708
[] []
 []


Overfull \hbox (10.94998pt too wide) detected at line 709
[] []
 []


Underfull \hbox (badness 10000) in paragraph at lines 720--721

 []

<Images_Ayoub/Problem2/UseCase2/Sobol_Indices/mtom.png, id=409, 562.1pt x 457.71pt>
File: Images_Ayoub/Problem2/UseCase2/Sobol_Indices/mtom.png Graphic file (type png)
<use Images_Ayoub/Problem2/UseCase2/Sobol_Indices/mtom.png>
Package pdftex.def Info: Images_Ayoub/Problem2/UseCase2/Sobol_Indices/mtom.png  used on input line 727.
(pdftex.def)             Requested size: 230.46576pt x 187.66231pt.
<Images_Ayoub/Problem2/UseCase2/Sobol_Indices/span.png, id=410, 566.115pt x 457.71pt>
File: Images_Ayoub/Problem2/UseCase2/Sobol_Indices/span.png Graphic file (type png)
<use Images_Ayoub/Problem2/UseCase2/Sobol_Indices/span.png>
Package pdftex.def Info: Images_Ayoub/Problem2/UseCase2/Sobol_Indices/span.png  used on input line 733.
(pdftex.def)             Requested size: 230.46576pt x 186.33534pt.
<Images_Ayoub/Problem2/UseCase2/Sobol_Indices/tofl.png, id=411, 562.1pt x 457.71pt>
File: Images_Ayoub/Problem2/UseCase2/Sobol_Indices/tofl.png Graphic file (type png)
<use Images_Ayoub/Problem2/UseCase2/Sobol_Indices/tofl.png>
Package pdftex.def Info: Images_Ayoub/Problem2/UseCase2/Sobol_Indices/tofl.png  used on input line 741.
(pdftex.def)             Requested size: 230.46576pt x 187.66231pt.
<Images_Ayoub/Problem2/UseCase2/Sobol_Indices/vapp.png, id=412, 561.09625pt x 457.71pt>
File: Images_Ayoub/Problem2/UseCase2/Sobol_Indices/vapp.png Graphic file (type png)
<use Images_Ayoub/Problem2/UseCase2/Sobol_Indices/vapp.png>
Package pdftex.def Info: Images_Ayoub/Problem2/UseCase2/Sobol_Indices/vapp.png  used on input line 747.
(pdftex.def)             Requested size: 230.46576pt x 187.99754pt.
<Images_Ayoub/Problem2/UseCase2/Sobol_Indices/vz.png, id=413, 562.1pt x 457.71pt>
File: Images_Ayoub/Problem2/UseCase2/Sobol_Indices/vz.png Graphic file (type png)
<use Images_Ayoub/Problem2/UseCase2/Sobol_Indices/vz.png>
Package pdftex.def Info: Images_Ayoub/Problem2/UseCase2/Sobol_Indices/vz.png  used on input line 755.
(pdftex.def)             Requested size: 230.46576pt x 187.66231pt.
<Images_Ayoub/Problem2/UseCase2/Sobol_Indices/fm.png, id=414, 549.05125pt x 457.71pt>
File: Images_Ayoub/Problem2/UseCase2/Sobol_Indices/fm.png Graphic file (type png)
<use Images_Ayoub/Problem2/UseCase2/Sobol_Indices/fm.png>
Package pdftex.def Info: Images_Ayoub/Problem2/UseCase2/Sobol_Indices/fm.png  used on input line 761.
(pdftex.def)             Requested size: 230.46576pt x 192.12514pt.
[18] [19 <./Images_Ayoub/Problem2/UseCase2/Sobol_Indices/mtom.png> <./Images_Ayoub/Problem2/UseCase2/Sobol_Indices/span.png> <./Images_Ayoub/Problem2/UseCase2/Sobol_Indices/tofl.png> <./Images_Ayoub/Problem2/UseCase2/Sobol_Indices/vapp.png> <./Images_Ayoub/Problem2/UseCase2/Sobol_Indices/vz.png> <./Images_Ayoub/Problem2/UseCase2/Sobol_Indices/fm.png>]
LaTeX Font Info:    External font `lmex10' loaded for size
(Font)              <12> on input line 781.


Package hyperref Warning: Difference (2) between bookmark levels is greater 
(hyperref)                than one, level fixed on input line 781.


Package hyperref Warning: Token not allowed in a PDF string (Unicode):
(hyperref)                removing `math shift' on input line 781.


Package hyperref Warning: Token not allowed in a PDF string (Unicode):
(hyperref)                removing `subscript' on input line 781.


Package hyperref Warning: Token not allowed in a PDF string (Unicode):
(hyperref)                removing `math shift' on input line 781.


Package hyperref Warning: Difference (2) between bookmark levels is greater 
(hyperref)                than one, level fixed on input line 787.


Package hyperref Warning: Token not allowed in a PDF string (Unicode):
(hyperref)                removing `math shift' on input line 787.


Package hyperref Warning: Token not allowed in a PDF string (Unicode):
(hyperref)                removing `subscript' on input line 787.

<Images_Ayoub/Problem2/X_opt/Estimating_Quantities/Input_Output_Distributions/image.png, id=426, 2007.5pt x 1204.5pt>
File: Images_Ayoub/Problem2/X_opt/Estimating_Quantities/Input_Output_Distributions/image.png Graphic file (type png)
<use Images_Ayoub/Problem2/X_opt/Estimating_Quantities/Input_Output_Distributions/image.png>
Package pdftex.def Info: Images_Ayoub/Problem2/X_opt/Estimating_Quantities/Input_Output_Distributions/image.png  used on input line 798.
(pdftex.def)             Requested size: 460.93153pt x 276.55132pt.
[20 <./Images_Ayoub/Problem2/X_opt/Estimating_Quantities/Input_Output_Distributions/image.png (PNG copy)>]
<Images_Ayoub/Problem2/X_opt/Estimating_Quantities/Coefficient_De_Variation/Coefficient_Var.png, id=434, 722.7pt x 433.62pt>
File: Images_Ayoub/Problem2/X_opt/Estimating_Quantities/Coefficient_De_Variation/Coefficient_Var.png Graphic file (type png)
<use Images_Ayoub/Problem2/X_opt/Estimating_Quantities/Coefficient_De_Variation/Coefficient_Var.png>
Package pdftex.def Info: Images_Ayoub/Problem2/X_opt/Estimating_Quantities/Coefficient_De_Variation/Coefficient_Var.png  used on input line 829.
(pdftex.def)             Requested size: 460.93153pt x 276.55646pt.


Package hyperref Warning: Token not allowed in a PDF string (Unicode):
(hyperref)                removing `math shift' on input line 834.


Package hyperref Warning: Token not allowed in a PDF string (Unicode):
(hyperref)                removing `subscript' on input line 834.


Package hyperref Warning: Token not allowed in a PDF string (Unicode):
(hyperref)                removing `math shift' on input line 834.

<Images_Ayoub/Problem2/X_opt/Sobol_Indices/mtom.png, id=435, 461.8053pt x 346.1733pt>
File: Images_Ayoub/Problem2/X_opt/Sobol_Indices/mtom.png Graphic file (type png)
<use Images_Ayoub/Problem2/X_opt/Sobol_Indices/mtom.png>
Package pdftex.def Info: Images_Ayoub/Problem2/X_opt/Sobol_Indices/mtom.png  used on input line 839.
(pdftex.def)             Requested size: 230.46576pt x 172.75871pt.
<Images_Ayoub/Problem2/X_opt/Sobol_Indices/span.png, id=436, 461.8053pt x 346.1733pt>
File: Images_Ayoub/Problem2/X_opt/Sobol_Indices/span.png Graphic file (type png)
<use Images_Ayoub/Problem2/X_opt/Sobol_Indices/span.png>
Package pdftex.def Info: Images_Ayoub/Problem2/X_opt/Sobol_Indices/span.png  used on input line 845.
(pdftex.def)             Requested size: 230.46576pt x 172.75871pt.
<Images_Ayoub/Problem2/X_opt/Sobol_Indices/tofl.png, id=437, 461.8053pt x 346.1733pt>
File: Images_Ayoub/Problem2/X_opt/Sobol_Indices/tofl.png Graphic file (type png)
<use Images_Ayoub/Problem2/X_opt/Sobol_Indices/tofl.png>
Package pdftex.def Info: Images_Ayoub/Problem2/X_opt/Sobol_Indices/tofl.png  used on input line 853.
(pdftex.def)             Requested size: 230.46576pt x 172.75871pt.
<Images_Ayoub/Problem2/X_opt/Sobol_Indices/vapp.png, id=438, 461.8053pt x 346.1733pt>
File: Images_Ayoub/Problem2/X_opt/Sobol_Indices/vapp.png Graphic file (type png)
<use Images_Ayoub/Problem2/X_opt/Sobol_Indices/vapp.png>
Package pdftex.def Info: Images_Ayoub/Problem2/X_opt/Sobol_Indices/vapp.png  used on input line 859.
(pdftex.def)             Requested size: 230.46576pt x 172.75871pt.
<Images_Ayoub/Problem2/X_opt/Sobol_Indices/vz.png, id=439, 461.8053pt x 346.1733pt>
File: Images_Ayoub/Problem2/X_opt/Sobol_Indices/vz.png Graphic file (type png)
<use Images_Ayoub/Problem2/X_opt/Sobol_Indices/vz.png>
Package pdftex.def Info: Images_Ayoub/Problem2/X_opt/Sobol_Indices/vz.png  used on input line 867.
(pdftex.def)             Requested size: 230.46576pt x 172.75871pt.
<Images_Ayoub/Problem2/X_opt/Sobol_Indices/fm.png, id=440, 461.8053pt x 346.1733pt>
File: Images_Ayoub/Problem2/X_opt/Sobol_Indices/fm.png Graphic file (type png)
<use Images_Ayoub/Problem2/X_opt/Sobol_Indices/fm.png>
Package pdftex.def Info: Images_Ayoub/Problem2/X_opt/Sobol_Indices/fm.png  used on input line 873.
(pdftex.def)             Requested size: 230.46576pt x 172.75871pt.
[21 <./Images_Ayoub/Problem2/X_opt/Estimating_Quantities/Coefficient_De_Variation/Coefficient_Var.png>] [22 <./Images_Ayoub/Problem2/X_opt/Sobol_Indices/mtom.png> <./Images_Ayoub/Problem2/X_opt/Sobol_Indices/span.png> <./Images_Ayoub/Problem2/X_opt/Sobol_Indices/tofl.png> <./Images_Ayoub/Problem2/X_opt/Sobol_Indices/vapp.png> <./Images_Ayoub/Problem2/X_opt/Sobol_Indices/vz.png> <./Images_Ayoub/Problem2/X_opt/Sobol_Indices/fm.png>]
<Images_case_1/p3u1_taylor1.png, id=460, 626.34pt x 426.59375pt>
File: Images_case_1/p3u1_taylor1.png Graphic file (type png)
<use Images_case_1/p3u1_taylor1.png>
Package pdftex.def Info: Images_case_1/p3u1_taylor1.png  used on input line 927.
(pdftex.def)             Requested size: 230.46576pt x 156.96497pt.
<Images_case_1/p3u1_taylor3.png, id=461, 708.6475pt x 412.54124pt>
File: Images_case_1/p3u1_taylor3.png Graphic file (type png)
<use Images_case_1/p3u1_taylor3.png>
Package pdftex.def Info: Images_case_1/p3u1_taylor3.png  used on input line 928.
(pdftex.def)             Requested size: 230.46576pt x 134.16245pt.
<Images_case_1/p3u1_taylor4.png, id=462, 708.6475pt x 412.54124pt>
File: Images_case_1/p3u1_taylor4.png Graphic file (type png)
<use Images_case_1/p3u1_taylor4.png>
Package pdftex.def Info: Images_case_1/p3u1_taylor4.png  used on input line 929.
(pdftex.def)             Requested size: 230.46576pt x 134.16245pt.
<Images_case_1/p3u1_taylor2.png, id=463, 721.69624pt x 412.54124pt>
File: Images_case_1/p3u1_taylor2.png Graphic file (type png)
<use Images_case_1/p3u1_taylor2.png>
Package pdftex.def Info: Images_case_1/p3u1_taylor2.png  used on input line 930.
(pdftex.def)             Requested size: 230.46576pt x 131.73892pt.
 [23]
<Images_case_2/p3u2_taylor.png, id=470, 614.295pt x 398.2077pt>
File: Images_case_2/p3u2_taylor.png Graphic file (type png)
<use Images_case_2/p3u2_taylor.png>
Package pdftex.def Info: Images_case_2/p3u2_taylor.png  used on input line 938.
(pdftex.def)             Requested size: 230.46576pt x 149.39435pt.
<Images_case_2/p3u2_taylor_evol_obj.png, id=471, 685.8423pt x 398.2077pt>
File: Images_case_2/p3u2_taylor_evol_obj.png Graphic file (type png)
<use Images_case_2/p3u2_taylor_evol_obj.png>
Package pdftex.def Info: Images_case_2/p3u2_taylor_evol_obj.png  used on input line 939.
(pdftex.def)             Requested size: 230.46576pt x 133.80902pt.
<Images_case_2/p3u2_taylor_evol_dist.png, id=472, 678.6153pt x 398.2077pt>
File: Images_case_2/p3u2_taylor_evol_dist.png Graphic file (type png)
<use Images_case_2/p3u2_taylor_evol_dist.png>
Package pdftex.def Info: Images_case_2/p3u2_taylor_evol_dist.png  used on input line 940.
(pdftex.def)             Requested size: 230.46576pt x 135.23083pt.
<Images_case_2/p3u2_taylor_evol_constraint.png, id=473, 749.4399pt x 426.393pt>
File: Images_case_2/p3u2_taylor_evol_constraint.png Graphic file (type png)
<use Images_case_2/p3u2_taylor_evol_constraint.png>
Package pdftex.def Info: Images_case_2/p3u2_taylor_evol_constraint.png  used on input line 941.
(pdftex.def)             Requested size: 230.46576pt x 131.11995pt.
 [24 <./Images_case_1/p3u1_taylor1.png> <./Images_case_1/p3u1_taylor3.png> <./Images_case_1/p3u1_taylor4.png> <./Images_case_1/p3u1_taylor2.png> <./Images_case_2/p3u2_taylor.png> <./Images_case_2/p3u2_taylor_evol_obj.png> <./Images_case_2/p3u2_taylor_evol_dist.png> <./Images_case_2/p3u2_taylor_evol_constraint.png>]
<Images_case_2/p3u2_direct.png, id=489, 614.295pt x 398.2077pt>
File: Images_case_2/p3u2_direct.png Graphic file (type png)
<use Images_case_2/p3u2_direct.png>
Package pdftex.def Info: Images_case_2/p3u2_direct.png  used on input line 984.
(pdftex.def)             Requested size: 230.46576pt x 149.39435pt.
<Images_case_2/p3u2_direct_evol_obj.png, id=490, 685.8423pt x 398.2077pt>
File: Images_case_2/p3u2_direct_evol_obj.png Graphic file (type png)
<use Images_case_2/p3u2_direct_evol_obj.png>
Package pdftex.def Info: Images_case_2/p3u2_direct_evol_obj.png  used on input line 985.
(pdftex.def)             Requested size: 230.46576pt x 133.80902pt.
<Images_case_2/p3u2_direct_evol_dist.png, id=491, 678.6153pt x 398.2077pt>
File: Images_case_2/p3u2_direct_evol_dist.png Graphic file (type png)
<use Images_case_2/p3u2_direct_evol_dist.png>
Package pdftex.def Info: Images_case_2/p3u2_direct_evol_dist.png  used on input line 986.
(pdftex.def)             Requested size: 230.46576pt x 135.23083pt.
<Images_case_2/p3u2_direct_evol_constraint.png, id=492, 749.4399pt x 426.393pt>
File: Images_case_2/p3u2_direct_evol_constraint.png Graphic file (type png)
<use Images_case_2/p3u2_direct_evol_constraint.png>
Package pdftex.def Info: Images_case_2/p3u2_direct_evol_constraint.png  used on input line 987.
(pdftex.def)             Requested size: 230.46576pt x 131.11995pt.
 [25 <./Images_case_2/p3u2_direct.png> <./Images_case_2/p3u2_direct_evol_obj.png> <./Images_case_2/p3u2_direct_evol_dist.png> <./Images_case_2/p3u2_direct_evol_constraint.png>]
<Images_case_2/contraint_non_verif.png, id=502, 865.2325pt x 217.81375pt>
File: Images_case_2/contraint_non_verif.png Graphic file (type png)
<use Images_case_2/contraint_non_verif.png>
Package pdftex.def Info: Images_case_2/contraint_non_verif.png  used on input line 996.
(pdftex.def)             Requested size: 435.3303pt x 109.59125pt.
Package hyperref Info: bookmark level for unknown algorithm defaults to 0 on input line 1019.
 [26 <./Images_case_2/contraint_non_verif.png>]
<Images_case_1/p3u1_surrogate.png, id=512, 1679.27374pt x 925.4575pt>
File: Images_case_1/p3u1_surrogate.png Graphic file (type png)
<use Images_case_1/p3u1_surrogate.png>
Package pdftex.def Info: Images_case_1/p3u1_surrogate.png  used on input line 1045.
(pdftex.def)             Requested size: 230.46576pt x 127.0072pt.
<Images_case_1/p3u1_surrogate1.png, id=513, 664.4825pt x 418.56375pt>
File: Images_case_1/p3u1_surrogate1.png Graphic file (type png)
<use Images_case_1/p3u1_surrogate1.png>
Package pdftex.def Info: Images_case_1/p3u1_surrogate1.png  used on input line 1046.
(pdftex.def)             Requested size: 230.46576pt x 145.17105pt.
<Images_case_1/p3u1_surrogate2.png, id=514, 731.73375pt x 422.57875pt>
File: Images_case_1/p3u1_surrogate2.png Graphic file (type png)
<use Images_case_1/p3u1_surrogate2.png>
Package pdftex.def Info: Images_case_1/p3u1_surrogate2.png  used on input line 1047.
(pdftex.def)             Requested size: 230.46576pt x 133.09366pt.
<Images_case_1/p3u1_surrogate3.png, id=515, 664.4825pt x 418.56375pt>
File: Images_case_1/p3u1_surrogate3.png Graphic file (type png)
<use Images_case_1/p3u1_surrogate3.png>
Package pdftex.def Info: Images_case_1/p3u1_surrogate3.png  used on input line 1048.
(pdftex.def)             Requested size: 230.46576pt x 145.17105pt.
<Images_case_2/p3u2_iter.png, id=516, 614.295pt x 398.2077pt>
File: Images_case_2/p3u2_iter.png Graphic file (type png)
<use Images_case_2/p3u2_iter.png>
Package pdftex.def Info: Images_case_2/p3u2_iter.png  used on input line 1056.
(pdftex.def)             Requested size: 230.46576pt x 149.39435pt.
<Images_case_2/p3u2_iter_evol_obj.png, id=517, 685.8423pt x 398.2077pt>
File: Images_case_2/p3u2_iter_evol_obj.png Graphic file (type png)
<use Images_case_2/p3u2_iter_evol_obj.png>
Package pdftex.def Info: Images_case_2/p3u2_iter_evol_obj.png  used on input line 1057.
(pdftex.def)             Requested size: 230.46576pt x 133.80902pt.
<Images_case_2/p3u2_iter_evol_dist.png, id=518, 678.6153pt x 398.2077pt>
File: Images_case_2/p3u2_iter_evol_dist.png Graphic file (type png)
<use Images_case_2/p3u2_iter_evol_dist.png>
Package pdftex.def Info: Images_case_2/p3u2_iter_evol_dist.png  used on input line 1058.
(pdftex.def)             Requested size: 230.46576pt x 135.23083pt.
<Images_case_2/p3u2_iter_evol_constraint.png, id=519, 749.4399pt x 426.393pt>
File: Images_case_2/p3u2_iter_evol_constraint.png Graphic file (type png)
<use Images_case_2/p3u2_iter_evol_constraint.png>
Package pdftex.def Info: Images_case_2/p3u2_iter_evol_constraint.png  used on input line 1059.
(pdftex.def)             Requested size: 230.46576pt x 131.11995pt.
 [27 <./Images_case_1/p3u1_surrogate.png> <./Images_case_1/p3u1_surrogate1.png> <./Images_case_1/p3u1_surrogate2.png> <./Images_case_1/p3u1_surrogate3.png>]
<Images_case_1/aircraft_poly.png, id=529, 462.528pt x 346.896pt>
File: Images_case_1/aircraft_poly.png Graphic file (type png)
<use Images_case_1/aircraft_poly.png>
Package pdftex.def Info: Images_case_1/aircraft_poly.png  used on input line 1071.
(pdftex.def)             Requested size: 230.46576pt x 172.84943pt.
<Images_case_1/aircraft_ite.png, id=530, 462.528pt x 346.896pt>
File: Images_case_1/aircraft_ite.png Graphic file (type png)
<use Images_case_1/aircraft_ite.png>
Package pdftex.def Info: Images_case_1/aircraft_ite.png  used on input line 1072.
(pdftex.def)             Requested size: 230.46576pt x 172.84943pt.
<Images_case_2/aircraft_poly.png, id=531, 462.528pt x 346.896pt>
File: Images_case_2/aircraft_poly.png Graphic file (type png)
<use Images_case_2/aircraft_poly.png>
Package pdftex.def Info: Images_case_2/aircraft_poly.png  used on input line 1073.
(pdftex.def)             Requested size: 230.46576pt x 172.84943pt.
<Images_case_2/aircraft_ite.png, id=532, 462.528pt x 346.896pt>
File: Images_case_2/aircraft_ite.png Graphic file (type png)
<use Images_case_2/aircraft_ite.png>
Package pdftex.def Info: Images_case_2/aircraft_ite.png  used on input line 1074.
(pdftex.def)             Requested size: 230.46576pt x 172.84943pt.
 [28 <./Images_case_2/p3u2_iter.png> <./Images_case_2/p3u2_iter_evol_obj.png> <./Images_case_2/p3u2_iter_evol_dist.png> <./Images_case_2/p3u2_iter_evol_constraint.png>] [29 <./Images_case_1/aircraft_poly.png> <./Images_case_1/aircraft_ite.png> <./Images_case_2/aircraft_poly.png> <./Images_case_2/aircraft_ite.png>] (./main.aux)
 ***********
LaTeX2e <2023-11-01> patch level 1
L3 programming layer <2024-01-22>
 ***********


LaTeX Warning: There were multiply-defined labels.

Package rerunfilecheck Info: File `main.out' has not changed.
(rerunfilecheck)             Checksum: F45EA70F9D67162FE25EC2DD1B8E288E;11390.
 ) 
Here is how much of TeX's memory you used:
 21184 strings out of 474222
 412431 string characters out of 5748733
 1952975 words of memory out of 5000000
 43007 multiletter control sequences out of 15000+600000
 646945 words of font info for 90 fonts, out of 8000000 for 9000
 1141 hyphenation exceptions out of 8191
 83i,17n,131p,913b,1160s stack positions out of 10000i,1000n,20000p,200000b,200000s
 </home/ayoubchoukri/.texlive2023/texmf-var/fonts/pk/ljfour/public/bbm/bbm10.657pk></usr/share/texmf/fonts/type1/public/lm/lmbx10.pfb></usr/share/texmf/fonts/type1/public/lm/lmbx12.pfb></usr/share/texmf/fonts/type1/public/lm/lmbx8.pfb></usr/share/texmf/fonts/type1/public/lm/lmcsc10.pfb></usr/share/texmf/fonts/type1/public/lm/lmex10.pfb></usr/share/texmf/fonts/type1/public/lm/lmmi10.pfb></usr/share/texmf/fonts/type1/public/lm/lmmi12.pfb></usr/share/texmf/fonts/type1/public/lm/lmmi6.pfb></usr/share/texmf/fonts/type1/public/lm/lmmi8.pfb></usr/share/texmf/fonts/type1/public/lm/lmr10.pfb></usr/share/texmf/fonts/type1/public/lm/lmr12.pfb></usr/share/texmf/fonts/type1/public/lm/lmr6.pfb></usr/share/texmf/fonts/type1/public/lm/lmr8.pfb></usr/share/texmf/fonts/type1/public/lm/lmr9.pfb></usr/share/texmf/fonts/type1/public/lm/lmri10.pfb></usr/share/texmf/fonts/type1/public/lm/lmsy10.pfb></usr/share/texmf/fonts/type1/public/lm/lmsy8.pfb></usr/share/texmf/fonts/type1/public/lm/lmtt10.pfb></usr/share/texlive/texmf-dist/fonts/type1/public/amsfonts/symbols/msbm10.pfb>
Output written on main.pdf (30 pages, 2966461 bytes).
PDF statistics:
 680 PDF objects out of 1000 (max. 8388607)
 503 compressed objects within 6 object streams
 123 named destinations out of 1000 (max. 500000)
 719 words of extra memory for PDF output out of 10000 (max. 10000000)

