\BOOKMARK [1][-]{section.1}{\376\377\000I\000n\000t\000r\000o\000d\000u\000c\000t\000i\000o\000n}{}% 1
\BOOKMARK [1][-]{section.2}{\376\377\000C\000o\000n\000d\000i\000t\000i\000o\000n\000s\000\040\000d\000'\000e\000x\000p\000\351\000r\000i\000e\000n\000c\000e}{}% 2
\BOOKMARK [2][-]{subsection.2.1}{\376\377\000P\000a\000r\000a\000m\000\350\000t\000r\000e\000s\000\040\000d\000e\000\040\000C\000o\000n\000c\000e\000p\000t\000i\000o\000n}{section.2}% 3
\BOOKMARK [2][-]{subsection.2.2}{\376\377\000C\000o\000n\000t\000r\000a\000i\000n\000t\000e\000s\000\040\000O\000p\000\351\000r\000a\000t\000i\000o\000n\000n\000e\000l\000l\000e\000s}{section.2}% 4
\BOOKMARK [2][-]{subsection.2.3}{\376\377\000P\000a\000r\000a\000m\000\350\000t\000r\000e\000s\000\040\000I\000n\000c\000e\000r\000t\000a\000i\000n\000s}{section.2}% 5
\BOOKMARK [2][-]{subsection.2.4}{\376\377\000C\000a\000s\000\040\000d\000'\000\351\000t\000u\000d\000e\000s}{section.2}% 6
\BOOKMARK [1][-]{section.3}{\376\377\000P\000r\000o\000b\000l\000\350\000m\000e\000\040\0001\000\040\000-\000\040\000M\000\351\000t\000a\000m\000o\000d\000\350\000l\000e\000\040\000e\000t\000\040\000o\000p\000t\000i\000m\000i\000s\000a\000t\000i\000o\000n}{}% 7
\BOOKMARK [2][-]{subsection.3.1}{\376\377\000P\000r\000\351\000s\000e\000n\000t\000a\000t\000i\000o\000n\000\040\000d\000u\000\040\000p\000r\000o\000b\000l\000\350\000m\000e}{section.3}% 8
\BOOKMARK [2][-]{subsection.3.2}{\376\377\000C\000r\000\351\000a\000t\000i\000o\000n\000\040\000d\000u\000\040\000m\000\351\000t\000a\000m\000o\000d\000\350\000l\000e}{section.3}% 9
\BOOKMARK [3][-]{subsubsection.3.2.1}{\376\377\000D\000i\000f\000f\000\351\000r\000e\000n\000t\000s\000\040\000c\000h\000o\000i\000x\000\040\000d\000e\000\040\000m\000o\000d\000\350\000l\000e\000s\000\040\000s\000u\000r\000r\000o\000g\000a\000t\000e\000s}{subsection.3.2}% 10
\BOOKMARK [0][-]{subsubsubsection.3.2.1.1}{\376\377\000R\000B\000F\000R\000e\000g\000r\000e\000s\000s\000o\000r}{}% 11
\BOOKMARK [0][-]{subsubsubsection.3.2.1.2}{\376\377\000M\000O\000E\000R\000e\000g\000r\000e\000s\000s\000o\000r}{}% 12
\BOOKMARK [1][-]{subsubsection.3.2.2}{\376\377\000C\000r\000\351\000a\000t\000i\000o\000n\000\040\000d\000'\000u\000n\000\040\000d\000o\000m\000a\000i\000n\000e\000\040\000d\000'\000e\000x\000p\000\351\000r\000i\000e\000n\000c\000e\000s}{subsubsubsection.3.2.1.2}% 13
\BOOKMARK [2][-]{subsubsection.3.2.3}{\376\377\000C\000o\000e\000f\000f\000i\000c\000i\000e\000n\000t\000\040\000d\000e\000\040\000d\000\351\000t\000e\000r\000m\000i\000n\000a\000t\000i\000o\000n\000\040\000R\0002}{subsubsection.3.2.2}% 14
\BOOKMARK [2][-]{subsection.3.3}{\376\377\000O\000p\000t\000i\000m\000i\000s\000a\000t\000i\000o\000n\000\040\000d\000u\000\040\000m\000\351\000t\000a\000m\000o\000d\000\350\000l\000e}{subsubsection.3.2.2}% 15
\BOOKMARK [2][-]{subsection.3.4}{\376\377\000R\000\351\000s\000u\000l\000t\000a\000t\000s\000\040\000o\000b\000t\000e\000n\000u\000s}{subsubsection.3.2.2}% 16
\BOOKMARK [3][-]{subsubsection.3.4.1}{\376\377\000U\000s\000e\000\040\000C\000a\000s\000e\000\040\0001}{subsection.3.4}% 17
\BOOKMARK [3][-]{subsubsection.3.4.2}{\376\377\000C\000a\000s\000\040\000d\000'\000\351\000t\000u\000d\000e\000\040\0002}{subsection.3.4}% 18
\BOOKMARK [1][-]{section.4}{\376\377\000P\000r\000o\000b\000l\000\350\000m\000e\000\040\0002\000\040\000-\000\040\000M\000o\000d\000\351\000l\000i\000s\000a\000t\000i\000o\000n\000\040\000p\000a\000r\000\040\000s\000u\000b\000s\000t\000i\000t\000u\000t\000\040\000e\000t\000\040\000q\000u\000a\000n\000t\000i\000f\000i\000c\000a\000t\000i\000o\000n\000\040\000d\000e\000s\000\040\000i\000n\000c\000e\000r\000t\000i\000t\000u\000d\000e\000s}{subsubsubsection.3.2.1.2}% 19
\BOOKMARK [2][-]{subsection.4.1}{\376\377\000A\000p\000p\000r\000o\000c\000h\000e\000\040\000p\000r\000o\000p\000o\000s\000\351\000e}{section.4}% 20
\BOOKMARK [2][-]{subsection.4.2}{\376\377\000U\000s\000e\000\040\000C\000a\000s\000e\000\040\0001}{section.4}% 21
\BOOKMARK [3][-]{subsubsection.4.2.1}{\376\377\000C\000o\000n\000s\000t\000r\000u\000c\000t\000i\000o\000n\000\040\000d\000u\000\040\000m\000o\000d\000\350\000l\000e\000\040\000d\000e\000\040\000s\000u\000b\000s\000t\000i\000t\000u\000t}{subsection.4.2}% 22
\BOOKMARK [3][-]{subsubsection.4.2.2}{\376\377\000C\000o\000e\000f\000f\000i\000c\000i\000e\000n\000t\000\040\000d\000e\000\040\000d\000\351\000t\000e\000r\000m\000i\000n\000a\000t\000i\000o\000n\000\040\000\040\000R\0002\000\040}{subsection.4.2}% 23
\BOOKMARK [3][-]{subsubsection.4.2.3}{\376\377\000R\000\351\000s\000u\000l\000t\000a\000t\000s\000\040\000d\000e\000\040\000l\040\031\000e\000n\000t\000r\000a\000\356\000n\000e\000m\000e\000n\000t}{subsection.4.2}% 24
\BOOKMARK [3][-]{subsubsection.4.2.4}{\376\377\000E\000s\000t\000i\000m\000a\000t\000i\000o\000n\000\040\000d\000e\000s\000\040\000q\000u\000a\000n\000t\000i\000t\000\351\000s\000\040\000d\040\031\000i\000n\000t\000\351\000r\000\352\000t}{subsection.4.2}% 25
\BOOKMARK [0][-]{subsubsubsection.4.2.4.1}{\376\377\000G\000\351\000n\000\351\000r\000a\000t\000i\000o\000n\000\040\000d\000e\000s\000\040\000\351\000c\000h\000a\000n\000t\000i\000l\000l\000o\000n\000s}{}% 26
\BOOKMARK [0][-]{subsubsubsection.4.2.4.2}{\376\377\000D\000i\000s\000t\000r\000i\000b\000u\000t\000i\000o\000n\000\040\000d\000e\000s\000\040\000s\000o\000r\000t\000i\000e\000s\000\040\000d\000u\000\040\000m\000o\000d\000\350\000l\000e\000\040\000d\000e\000\040\000s\000u\000b\000s\000t\000i\000t\000u\000t}{}% 27
\BOOKMARK [1][-]{paragraph.4.2.4.1}{\376\377\000A\000n\000a\000l\000y\000s\000e\000\040\000d\000e\000s\000\040\000d\000i\000s\000t\000r\000i\000b\000u\000t\000i\000o\000n\000s}{subsubsubsection.4.2.4.2}% 28
\BOOKMARK [0][-]{subsubsubsection.4.2.4.3}{\376\377\000E\000s\000t\000i\000m\000a\000t\000i\000o\000n\000\040\000d\000e\000s\000\040\000m\000o\000y\000e\000n\000n\000e\000s\000\040\000e\000t\000\040\000v\000a\000r\000i\000a\000n\000c\000e\000s\000\040\000e\000t\000\040\000C\000o\000e\000f\000f\000i\000c\000i\000e\000n\000t\000s\000\040\000d\000e\000\040\000v\000a\000r\000i\000a\000t\000i\000o\000n}{}% 29
\BOOKMARK [1][-]{subsubsection.4.2.5}{\376\377\000I\000n\000d\000i\000c\000e\000s\000\040\000d\000e\000\040\000S\000o\000b\000o\000l}{subsubsubsection.4.2.4.3}% 30
\BOOKMARK [0][-]{subsubsubsection.4.2.5.1}{\376\377\000I\000n\000d\000i\000c\000e\000s\000\040\000d\000e\000\040\000S\000o\000b\000o\000l\000\040\000p\000o\000u\000r\000\040\000l\000e\000s\000\040\000s\000o\000r\000t\000i\000e\000s\000\040\000d\000u\000\040\000m\000o\000d\000\350\000l\000e\000\040\000d\000e\000\040\000s\000u\000b\000s\000t\000i\000t\000u\000t}{}% 31
\BOOKMARK [1][-]{subsection.4.3}{\376\377\000C\000a\000s\000\040\000d\000'\000\351\000t\000u\000d\000e\000\040\0002}{subsubsubsection.4.2.5.1}% 32
\BOOKMARK [2][-]{subsubsection.4.3.1}{\376\377\000M\000o\000d\000\350\000l\000e\000\040\000d\000e\000\040\000s\000u\000b\000s\000t\000i\000t\000u\000t\000\040\000p\000o\000u\000r\000\040\000l\000e\000\040\000U\000s\000e\000\040\000C\000a\000s\000e\000\040\0002}{subsection.4.3}% 33
\BOOKMARK [3][-]{subsubsection.4.3.2}{\376\377\000R\000\351\000s\000u\000l\000t\000a\000t\000s\000\040\000d\000e\000\040\000l\040\031\000e\000n\000t\000r\000a\000\356\000n\000e\000m\000e\000n\000t}{subsubsection.4.3.1}% 34
\BOOKMARK [3][-]{subsubsection.4.3.3}{\376\377\000E\000s\000t\000i\000m\000a\000t\000i\000o\000n\000\040\000d\000e\000s\000\040\000q\000u\000a\000n\000t\000i\000t\000\351\000s\000\040\000d\040\031\000i\000n\000t\000\351\000r\000\352\000t}{subsubsection.4.3.1}% 35
\BOOKMARK [4][-]{paragraph.4.3.3.1}{\376\377\000A\000n\000a\000l\000y\000s\000e\000\040\000d\000e\000s\000\040\000d\000i\000s\000t\000r\000i\000b\000u\000t\000i\000o\000n\000s}{subsubsection.4.3.3}% 36
\BOOKMARK [0][-]{subsubsubsection.4.3.3.1}{\376\377\000E\000s\000t\000i\000m\000a\000t\000i\000o\000n\000\040\000d\000e\000s\000\040\000m\000o\000y\000e\000n\000n\000e\000s\000\040\000e\000t\000\040\000v\000a\000r\000i\000a\000t\000i\000o\000n\000s\000\040\000e\000t\000\040\000C\000o\000e\000f\000f\000i\000c\000i\000e\000n\000t\000s\000\040\000d\000e\000\040\000v\000a\000r\000i\000a\000t\000i\000o\000n}{}% 37
\BOOKMARK [0][-]{subsubsubsection.4.3.3.2}{\376\377\000I\000n\000d\000i\000c\000e\000s\000\040\000d\000e\000\040\000S\000o\000b\000o\000l\000\040\000p\000o\000u\000r\000\040\000l\000e\000\040\000U\000s\000e\000\040\000C\000a\000s\000e\000\040\0002}{}% 38
\BOOKMARK [1][-]{subsection.4.4}{\376\377\000C\000a\000s\000e\000\040\000w\000i\000t\000h\000\040\000x\000o\000p\000t}{subsubsubsection.4.3.3.2}% 39
\BOOKMARK [2][-]{subsubsection.4.4.1}{\376\377\000S\000u\000r\000r\000o\000g\000a\000t\000e\000\040\000M\000o\000d\000e\000l\000\040\000p\000o\000u\000r\000\040\000l\000e\000\040\000U\000s\000e\000\040\000C\000a\000s\000e\000\040\0001\000\040\000a\000v\000e\000c\000\040\000\040\000x\000o\000p\000t\000\040}{subsection.4.4}% 40
\BOOKMARK [3][-]{subsubsection.4.4.2}{\376\377\000E\000s\000t\000i\000m\000a\000t\000i\000i\000o\000n\000\040\000d\000e\000s\000\040\000q\000u\000a\000n\000t\000i\000t\000\351\000s\000\040\000d\000'\000i\000n\000t\000\351\000r\000\352\000t}{subsubsection.4.4.1}% 41
\BOOKMARK [0][-]{subsubsubsection.4.4.2.1}{\376\377\000D\000i\000s\000t\000r\000u\000b\000t\000i\000o\000n}{}% 42
\BOOKMARK [0][-]{subsubsubsection.4.4.2.2}{\376\377\000E\000s\000t\000i\000m\000a\000t\000i\000o\000n\000\040\000d\000e\000s\000\040\000m\000o\000y\000e\000n\000n\000e\000s\000\040\000e\000t\000\040\000v\000a\000r\000i\000a\000t\000i\000o\000n\000s\000\040\000e\000t\000\040\000C\000o\000e\000f\000f\000i\000c\000i\000e\000n\000t\000s\000\040\000d\000e\000\040\000v\000a\000r\000i\000a\000t\000i\000o\000n}{}% 43
\BOOKMARK [0][-]{subsubsubsection.4.4.2.3}{\376\377\000I\000n\000d\000i\000c\000e\000s\000\040\000d\000e\000\040\000S\000o\000b\000o\000l\000\040\000p\000o\000u\000r\000\040\000l\000e\000\040\000c\000a\000s\000\040\000x\000o\000p\000t}{}% 44
\BOOKMARK [1][-]{section.5}{\376\377\000P\000r\000o\000b\000l\000\350\000m\000e\000\040\0003}{subsubsubsection.4.4.2.3}% 45
\BOOKMARK [2][-]{subsection.5.1}{\376\377\000M\000\351\000t\000h\000o\000d\000e\000\040\000d\000e\000\040\000d\000\351\000v\000\351\000l\000o\000p\000p\000e\000m\000e\000n\000t\000\040\000d\000e\000\040\000T\000a\000y\000l\000o\000r}{section.5}% 46
\BOOKMARK [2][-]{subsection.5.2}{\376\377\000M\000\351\000t\000h\000o\000d\000e\000\040\000p\000a\000r\000\040\000s\000u\000r\000r\000o\000g\000a\000t\000e\000\040\000d\000i\000r\000e\000c\000t}{section.5}% 47
\BOOKMARK [2][-]{subsection.5.3}{\376\377\000M\000\351\000t\000h\000o\000d\000e\000\040\000p\000a\000r\000\040\000s\000u\000r\000r\000o\000g\000a\000t\000e\000\040\000l\000o\000c\000a\000l\000\040\000i\000t\000\351\000r\000a\000t\000i\000f}{section.5}% 48
\BOOKMARK [3][-]{subsubsection.5.3.1}{\376\377\000A\000l\000g\000o\000r\000i\000t\000h\000m\000e\000.}{subsection.5.3}% 49
\BOOKMARK [2][-]{subsection.5.4}{\376\377\000V\000i\000s\000u\000a\000l\000i\000a\000t\000i\000o\000n\000\040\000d\000e\000\040\000l\000'\000a\000\351\000r\000o\000n\000e\000f\000\040\000o\000p\000t\000i\000m\000i\000s\000\351\000\040\000p\000a\000r\000\040\000d\000e\000s\000\040\000m\000o\000d\000\350\000l\000e\000s\000\040\000s\000u\000r\000r\000o\000g\000a\000t\000e}{section.5}% 50
\BOOKMARK [1][-]{section.6}{\376\377\000C\000o\000n\000c\000l\000u\000s\000i\000o\000n}{subsubsubsection.4.4.2.3}% 51
